#
# A fatal error has been detected by the Java Runtime Environment:
#
#  SIGSEGV (0xb) at pc=0x00007fe57ee49543, pid=13355, tid=0x00007fe57c3a1700
#
# JRE version: Java(TM) SE Runtime Environment (8.0_144-b01) (build 1.8.0_144-b01)
# Java VM: Java HotSpot(TM) 64-Bit Server VM (25.144-b01 mixed mode linux-amd64 compressed oops)
# Problematic frame:
# V  [libjvm.so+0x992543]  oopDesc* PSPromotionManager::copy_to_survivor_space<false>(oopDesc*)+0x143
#
# Failed to write core dump. Core dumps have been disabled. To enable core dumping, try "ulimit -c unlimited" before starting Java again
#
# If you would like to submit a bug report, please visit:
#   http://bugreport.java.com/bugreport/crash.jsp
#

---------------  T H R E A D  ---------------

Current thread (0x00007fe578028000):  GCTaskThread [stack: 0x00007fe57c2a1000,0x00007fe57c3a2000] [id=13362]

siginfo: si_signo: 11 (SIGSEGV), si_code: 1 (SEGV_MAPERR), si_addr: 0x0000000001000108

Registers:
RAX=0x00007fe57f44d7e0, RBX=0x0000000799ae32a4, RCX=0x0000000000000003, RDX=0x0000000000000001
RSP=0x00007fe57c3a0b60, RBP=0x00007fe57c3a0bd0, RSI=0x000000079c3a5aa0, RDI=0x0000000001000100
R8 =0x000000079a034b38, R9 =0x00007fe57f480f30, R10=0x00007fe57f471cf9, R11=0x00007fe57f639510
R12=0x000000079c3a5aa0, R13=0x0020002000200020, R14=0x00007fe57c3a0bf0, R15=0x00007fe57c3a0bfc
RIP=0x00007fe57ee49543, EFLAGS=0x0000000000010206, CSGSFS=0x0000000000000033, ERR=0x0000000000000004
  TRAPNO=0x000000000000000e

Top of Stack: (sp=0x00007fe57c3a0b60)
0x00007fe57c3a0b60:   0000278900001ce4 00007fe57f471cf9
0x00007fe57c3a0b70:   0000179400002d0e 00007fe57807d900
0x00007fe57c3a0b80:   0000317100000bb3 00007fe57807d998
0x00007fe57c3a0b90:   0000317100000bb2 0000000000000200
0x00007fe57c3a0ba0:   0000000707ae0048 0000000799ae32a4
0x00007fe57c3a0bb0:   00007fe57f44d7d0 0000000000000000
0x00007fe57c3a0bc0:   00007fe57c3a0bf0 00007fe57c3a0bfc
0x00007fe57c3a0bd0:   00007fe57c3a0c30 00007fe57ee4cd26
0x00007fe57c3a0be0:   00007fe54808a720 00007fe57807d900
0x00007fe57c3a0bf0:   0000000799ae32a5 2e4316227ea911d7
0x00007fe57c3a0c00:   00007fe57c3a0c30 00007fe54808a720
0x00007fe57c3a0c10:   00007fe578028000 0000000000000001
0x00007fe57c3a0c20:   00007fe5780282e0 00007fe57f00e13b
0x00007fe57c3a0c30:   00007fe57c3a0d40 00007fe57ea91ecf
0x00007fe57c3a0c40:   0000000000000000 00007fe57c3a0c80
0x00007fe57c3a0c50:   00007fe57c3a0d00 0000000000000000
0x00007fe57c3a0c60:   00007fe578028320 00007fe578028330
0x00007fe57c3a0c70:   00007fe578028708 00000000000003d8
0x00007fe57c3a0c80:   00007fe578028000 00007fe578028710
0x00007fe57c3a0c90:   00007fe578028750 00007fe578028760
0x00007fe57c3a0ca0:   00007fe578028838 00000000000000d8
0x00007fe57c3a0cb0:   00007fe57c3a0cc0 00007fe57ed9ae67
0x00007fe57c3a0cc0:   00007fe578028000 00007fe578028710
0x00007fe57c3a0cd0:   00007fe578028750 00007fe578028760
0x00007fe57c3a0ce0:   00007fe578028838 00000000000000d8
0x00007fe57c3a0cf0:   00007fe578028970 00007fe57ed9b726
0x00007fe57c3a0d00:   0000000000000000 00007fe578028000
0x00007fe57c3a0d10:   00007fe57c3a0d40 0000000000000000
0x00007fe57c3a0d20:   00007fe5780292e0 00007fe5780291f0
0x00007fe57c3a0d30:   00007fe578028000 00007fe57c3a1700
0x00007fe57c3a0d40:   00007fe57c3a0f10 00007fe57ede1338
0x00007fe57c3a0d50:   0000000000000000 0000000000000000 

Instructions: (pc=0x00007fe57ee49543)
0x00007fe57ee49523:   83 e0 07 48 83 f8 05 75 d3 31 db eb d6 48 8b 05
0x00007fe57ee49533:   e1 50 5e 00 8b 7e 08 8b 48 08 48 d3 e7 48 03 38
0x00007fe57ee49543:   8b 77 08 83 fe 00 0f 8f 0a ff ff ff 0f 85 4b 02
0x00007fe57ee49553:   00 00 0f 1f 00 48 8b 07 4c 89 e6 4c 89 55 98 ff 

Register to memory mapping:

RAX=0x00007fe57f44d7e0: <offset 0xf967e0> in /usr/lib/jvm/java-8-oracle/jre/lib/amd64/server/libjvm.so at 0x00007fe57e4b7000
RBX=0x0000000799ae32a4 is an unknown value
RCX=0x0000000000000003 is an unknown value
RDX=0x0000000000000001 is an unknown value
RSP=0x00007fe57c3a0b60 is an unknown value
RBP=0x00007fe57c3a0bd0 is an unknown value
RSI=0x000000079c3a5aa0 is an oop

[error occurred during error reporting (printing register info), id 0xb]

Stack: [0x00007fe57c2a1000,0x00007fe57c3a2000],  sp=0x00007fe57c3a0b60,  free space=1022k
Native frames: (J=compiled Java code, j=interpreted, Vv=VM code, C=native code)
V  [libjvm.so+0x992543]  oopDesc* PSPromotionManager::copy_to_survivor_space<false>(oopDesc*)+0x143
V  [libjvm.so+0x995d26]  StealTask::do_it(GCTaskManager*, unsigned int)+0x2f6
V  [libjvm.so+0x5daecf]  GCTaskThread::run()+0x12f
V  [libjvm.so+0x92a338]  java_start(Thread*)+0x108


---------------  P R O C E S S  ---------------

Java Threads: ( => current thread )
  0x00007fe4f0111800 JavaThread "AsyncResolver-bootstrap-executor-0" daemon [_thread_blocked, id=15528, stack(0x00007fe54c368000,0x00007fe54c469000)]
  0x00007fe524158000 JavaThread "DiscoveryClient-2" daemon [_thread_blocked, id=15293, stack(0x00007fe561d6d000,0x00007fe561e6e000)]
  0x00007fe5240b8800 JavaThread "DiscoveryClient-HeartbeatExecutor-0" daemon [_thread_blocked, id=15292, stack(0x00007fe4ef0f1000,0x00007fe4ef1f2000)]
  0x00007fe51c001800 JavaThread "DiscoveryClient-CacheRefreshExecutor-0" daemon [_thread_blocked, id=15291, stack(0x00007fe54c469000,0x00007fe54c56a000)]
  0x00007fe4f0110800 JavaThread "DiscoveryClient-InstanceInfoReplicator-0" daemon [_thread_blocked, id=15261, stack(0x00007fe54c76a000,0x00007fe54c86b000)]
  0x00007fe4f010f800 JavaThread "DiscoveryClient-1" daemon [_thread_blocked, id=15260, stack(0x00007fe54dfcf000,0x00007fe54e0d0000)]
  0x00007fe4f010e000 JavaThread "DiscoveryClient-0" daemon [_thread_blocked, id=15259, stack(0x00007fe4eedf0000,0x00007fe4eeef1000)]
  0x00007fe4f010d800 JavaThread "AsyncResolver-bootstrap-0" daemon [_thread_blocked, id=15258, stack(0x00007fe54c267000,0x00007fe54c368000)]
  0x00007fe4f010c000 JavaThread "Eureka-JerseyClient-Conn-Cleaner2" daemon [_thread_blocked, id=15257, stack(0x00007fe54c86b000,0x00007fe54c96c000)]
  0x00007fe4f0009800 JavaThread "Eureka-JerseyClient-Conn-Cleaner2" daemon [_thread_blocked, id=15256, stack(0x00007fe54c96c000,0x00007fe54ca6d000)]
  0x00007fe504050000 JavaThread "HystrixTimer-4" daemon [_thread_blocked, id=14255, stack(0x00007fe4edbe0000,0x00007fe4edce1000)]
  0x00007fe504015800 JavaThread "NFLoadBalancer-PingTimer-task-service" daemon [_thread_blocked, id=14254, stack(0x00007fe4edce1000,0x00007fe4edde2000)]
  0x00007fe4f8004800 JavaThread "HystrixTimer-3" daemon [_thread_blocked, id=14249, stack(0x00007fe4edde2000,0x00007fe4edee3000)]
  0x00007fe4f4081800 JavaThread "HystrixTimer-2" daemon [_thread_blocked, id=14203, stack(0x00007fe4edee3000,0x00007fe4edfe4000)]
  0x00007fe4f4087800 JavaThread "RxComputationScheduler-4" daemon [_thread_blocked, id=14199, stack(0x00007fe4edfe4000,0x00007fe4ee0e5000)]
  0x00007fe4f407d800 JavaThread "RxComputationScheduler-3" daemon [_thread_blocked, id=14198, stack(0x00007fe4ee0e5000,0x00007fe4ee1e6000)]
  0x00007fe4f4007000 JavaThread "RxComputationScheduler-2" daemon [_thread_blocked, id=14197, stack(0x00007fe4ee1e6000,0x00007fe4ee2e7000)]
  0x00007fe52025b800 JavaThread "PollingServerListUpdater-1" daemon [_thread_blocked, id=14196, stack(0x00007fe4ee2e7000,0x00007fe4ee3e8000)]
  0x00007fe4e8795000 JavaThread "HystrixTimer-1" daemon [_thread_blocked, id=14193, stack(0x00007fe4ee3e8000,0x00007fe4ee4e9000)]
  0x00007fe4e86d1000 JavaThread "RxComputationScheduler-1" daemon [_thread_blocked, id=14192, stack(0x00007fe4ee4e9000,0x00007fe4ee5ea000)]
  0x00007fe4e8602800 JavaThread "RxScheduledExecutorPool-2" daemon [_thread_blocked, id=14191, stack(0x00007fe4ee5ea000,0x00007fe4ee6eb000)]
  0x00007fe4e8601800 JavaThread "RxScheduledExecutorPool-1" daemon [_thread_blocked, id=14190, stack(0x00007fe4ee6eb000,0x00007fe4ee7ec000)]
  0x00007fe4e82c6800 JavaThread "DataPublisher" daemon [_thread_blocked, id=14189, stack(0x00007fe4ee9ec000,0x00007fe4eeaed000)]
  0x00007fe4e82b7800 JavaThread "PollingServerListUpdater-0" daemon [_thread_blocked, id=14188, stack(0x00007fe4eeaed000,0x00007fe4eebee000)]
  0x00007fe4e8208000 JavaThread "NFLoadBalancer-PingTimer-user-service" daemon [_thread_blocked, id=14187, stack(0x00007fe4eebee000,0x00007fe4eecef000)]
  0x00007fe4e8056000 JavaThread "expiringMap-0" daemon [_thread_blocked, id=14186, stack(0x00007fe4eecef000,0x00007fe4eedf0000)]
  0x00007fe578012800 JavaThread "DestroyJavaVM" [_thread_blocked, id=13360, stack(0x00007fe57ffad000,0x00007fe5800ae000)]
  0x00007fe5792e8800 JavaThread "http-nio-5555-AsyncTimeout" daemon [_thread_blocked, id=13420, stack(0x00007fe4ef1f2000,0x00007fe4ef2f3000)]
  0x00007fe5792e7000 JavaThread "http-nio-5555-Acceptor-0" daemon [_thread_in_native, id=13419, stack(0x00007fe4ef2f3000,0x00007fe4ef3f4000)]
  0x00007fe5792e4800 JavaThread "http-nio-5555-ClientPoller-1" daemon [_thread_in_native, id=13418, stack(0x00007fe4ef3f4000,0x00007fe4ef4f5000)]
  0x00007fe5792d6000 JavaThread "http-nio-5555-ClientPoller-0" daemon [_thread_in_native, id=13417, stack(0x00007fe4ef4f5000,0x00007fe4ef5f6000)]
  0x00007fe5792c6800 JavaThread "http-nio-5555-exec-10" daemon [_thread_blocked, id=13416, stack(0x00007fe4ef5f6000,0x00007fe4ef6f7000)]
  0x00007fe5792c4800 JavaThread "http-nio-5555-exec-9" daemon [_thread_blocked, id=13415, stack(0x00007fe4ef6f7000,0x00007fe4ef7f8000)]
  0x00007fe5792c2800 JavaThread "http-nio-5555-exec-8" daemon [_thread_blocked, id=13414, stack(0x00007fe4ef7f8000,0x00007fe4ef8f9000)]
  0x00007fe5792c0800 JavaThread "http-nio-5555-exec-7" daemon [_thread_blocked, id=13413, stack(0x00007fe4ef8f9000,0x00007fe4ef9fa000)]
  0x00007fe57915c800 JavaThread "http-nio-5555-exec-6" daemon [_thread_blocked, id=13412, stack(0x00007fe4ef9fa000,0x00007fe4efafb000)]
  0x00007fe57915a800 JavaThread "http-nio-5555-exec-5" daemon [_thread_blocked, id=13411, stack(0x00007fe4efafb000,0x00007fe4efbfc000)]
  0x00007fe579158800 JavaThread "http-nio-5555-exec-4" daemon [_thread_blocked, id=13410, stack(0x00007fe4efbfc000,0x00007fe4efcfd000)]
  0x00007fe579156800 JavaThread "http-nio-5555-exec-3" daemon [_thread_blocked, id=13409, stack(0x00007fe4efcfd000,0x00007fe4efdfe000)]
  0x00007fe579154800 JavaThread "http-nio-5555-exec-2" daemon [_thread_blocked, id=13408, stack(0x00007fe4efdfe000,0x00007fe4efeff000)]
  0x00007fe579153800 JavaThread "http-nio-5555-exec-1" daemon [_thread_blocked, id=13407, stack(0x00007fe4efeff000,0x00007fe4f0000000)]
  0x00007fe57916a800 JavaThread "NioBlockingSelector.BlockPoller-1" daemon [_thread_in_native, id=13406, stack(0x00007fe54c065000,0x00007fe54c166000)]
  0x00007fe579141000 JavaThread "HystrixMetricPoller" daemon [_thread_blocked, id=13405, stack(0x00007fe54c166000,0x00007fe54c267000)]
  0x00007fe5791fb000 JavaThread "RxIoScheduler-1 (Evictor)" daemon [_thread_blocked, id=13388, stack(0x00007fe54d06d000,0x00007fe54d16e000)]
  0x00007fe578b9b000 JavaThread "SimpleHostRoutingFilter.connectionManagerTimer" daemon [_thread_blocked, id=13387, stack(0x00007fe54d9cb000,0x00007fe54dacc000)]
  0x00007fe578eb8800 JavaThread "container-0" [_thread_blocked, id=13386, stack(0x00007fe54dacc000,0x00007fe54dbcd000)]
  0x00007fe578eb7800 JavaThread "ContainerBackgroundProcessor[StandardEngine[Tomcat]]" daemon [_thread_blocked, id=13385, stack(0x00007fe54dbcd000,0x00007fe54dcce000)]
  0x00007fe52406a800 JavaThread "spring.cloud.inetutils" daemon [_thread_blocked, id=13384, stack(0x00007fe54dcce000,0x00007fe54ddcf000)]
  0x00007fe5780c9000 JavaThread "Service Thread" daemon [_thread_blocked, id=13373, stack(0x00007fe562446000,0x00007fe562547000)]
  0x00007fe5780c5800 JavaThread "C1 CompilerThread2" daemon [_thread_blocked, id=13372, stack(0x00007fe562547000,0x00007fe562648000)]
  0x00007fe5780c4000 JavaThread "C2 CompilerThread1" daemon [_thread_blocked, id=13371, stack(0x00007fe562648000,0x00007fe562749000)]
  0x00007fe5780c1000 JavaThread "C2 CompilerThread0" daemon [_thread_blocked, id=13370, stack(0x00007fe562749000,0x00007fe56284a000)]
  0x00007fe5780bf800 JavaThread "Signal Dispatcher" daemon [_thread_blocked, id=13369, stack(0x00007fe56284a000,0x00007fe56294b000)]
  0x00007fe57808c800 JavaThread "Finalizer" daemon [_thread_blocked, id=13368, stack(0x00007fe562c14000,0x00007fe562d15000)]
  0x00007fe578088000 JavaThread "Reference Handler" daemon [_thread_blocked, id=13367, stack(0x00007fe562d15000,0x00007fe562e16000)]

Other Threads:
  0x00007fe578080800 VMThread [stack: 0x00007fe562e16000,0x00007fe562f17000] [id=13366]
  0x00007fe5780cc000 WatcherThread [stack: 0x00007fe562345000,0x00007fe562446000] [id=13374]

=>0x00007fe578028000 (exited) GCTaskThread [stack: 0x00007fe57c2a1000,0x00007fe57c3a2000] [id=13362]

VM state:at safepoint (normal execution)

VM Mutex/Monitor currently owned by a thread:  ([mutex/lock_event])
[0x00007fe57800ecb0] Threads_lock - owner thread: 0x00007fe578080800
[0x00007fe57800f1b0] Heap_lock - owner thread: 0x00007fe4f4007000

Heap:
 PSYoungGen      total 390144K, used 390136K [0x0000000781e00000, 0x000000079ca80000, 0x00000007c0000000)
  eden space 379904K, 100% used [0x0000000781e00000,0x0000000799100000,0x0000000799100000)
  from space 10240K, 99% used [0x000000079c080000,0x000000079ca7e300,0x000000079ca80000)
  to   space 26112K, 35% used [0x0000000799780000,0x000000079a072310,0x000000079b100000)
 ParOldGen       total 134656K, used 33708K [0x0000000705a00000, 0x000000070dd80000, 0x0000000781e00000)
  object space 134656K, 25% used [0x0000000705a00000,0x0000000707aeb0e0,0x000000070dd80000)
 Metaspace       used 54809K, capacity 55520K, committed 55808K, reserved 1097728K
  class space    used 6737K, capacity 6908K, committed 6912K, reserved 1048576K

Card table byte_map: [0x00007fe57c784000,0x00007fe57cd58000] byte_map_base: 0x00007fe578f57000

Marking Bits: (ParMarkBitMap*) 0x00007fe57f480dc0
 Begin Bits: [0x00007fe54e2d0000, 0x00007fe551168000)
 End Bits:   [0x00007fe551168000, 0x00007fe554000000)

Polling page: 0x00007fe5800ce000

CodeCache: size=245760Kb used=27238Kb max_used=27250Kb free=218521Kb
 bounds [0x00007fe569000000, 0x00007fe56aad0000, 0x00007fe578000000]
 total_blobs=8403 nmethods=7897 adapters=418
 compilation: enabled

Compilation events (10 events):
Event: 12655.987 Thread 0x00007fe5780c5800 9774       3       com.netflix.loadbalancer.LoadBalancerStats::getZoneStats (63 bytes)
Event: 12655.988 Thread 0x00007fe5780c5800 nmethod 9774 0x00007fe56aab6b10 code [0x00007fe56aab6d00, 0x00007fe56aab75c8]
Event: 12655.988 Thread 0x00007fe5780c5800 9775       3       com.netflix.loadbalancer.ZoneAwareLoadBalancer::getLoadBalancer (93 bytes)
Event: 12655.989 Thread 0x00007fe5780c5800 nmethod 9775 0x00007fe56aab4e90 code [0x00007fe56aab5100, 0x00007fe56aab63c8]
Event: 12688.176 Thread 0x00007fe5780c5800 9776       3       java.util.LinkedList::unlink (91 bytes)
Event: 12688.177 Thread 0x00007fe5780c5800 nmethod 9776 0x00007fe56aab48d0 code [0x00007fe56aab4a40, 0x00007fe56aab4d30]
Event: 12759.155 Thread 0x00007fe5780c5800 9777       1       org.springframework.core.MethodParameter::adaptAnnotationArray (2 bytes)
Event: 12759.156 Thread 0x00007fe5780c5800 nmethod 9777 0x00007fe569865450 code [0x00007fe5698655a0, 0x00007fe5698656b0]
Event: 12767.204 Thread 0x00007fe5780c4000 9778       4       java.util.concurrent.ThreadPoolExecutor::isShutdown (19 bytes)
Event: 12767.206 Thread 0x00007fe5780c4000 nmethod 9778 0x00007fe56a253690 code [0x00007fe56a2537e0, 0x00007fe56a253878]

GC Heap History (10 events):
Event: 12.685 GC heap after
Heap after GC invocations=14 (full 2):
 PSYoungGen      total 364032K, used 18903K [0x0000000781e00000, 0x0000000799d80000, 0x00000007c0000000)
  eden space 340992K, 0% used [0x0000000781e00000,0x0000000781e00000,0x0000000796b00000)
  from space 23040K, 82% used [0x0000000798300000,0x0000000799575e20,0x0000000799980000)
  to   space 24576K, 0% used [0x0000000796b00000,0x0000000796b00000,0x0000000798300000)
 ParOldGen       total 134656K, used 23333K [0x0000000705a00000, 0x000000070dd80000, 0x0000000781e00000)
  object space 134656K, 17% used [0x0000000705a00000,0x00000007070c9490,0x000000070dd80000)
 Metaspace       used 42220K, capacity 42904K, committed 43136K, reserved 1087488K
  class space    used 5237K, capacity 5412K, committed 5504K, reserved 1048576K
}
Event: 1702.496 GC heap before
{Heap before GC invocations=15 (full 2):
 PSYoungGen      total 364032K, used 359895K [0x0000000781e00000, 0x0000000799d80000, 0x00000007c0000000)
  eden space 340992K, 100% used [0x0000000781e00000,0x0000000796b00000,0x0000000796b00000)
  from space 23040K, 82% used [0x0000000798300000,0x0000000799575e20,0x0000000799980000)
  to   space 24576K, 0% used [0x0000000796b00000,0x0000000796b00000,0x0000000798300000)
 ParOldGen       total 134656K, used 23333K [0x0000000705a00000, 0x000000070dd80000, 0x0000000781e00000)
  object space 134656K, 17% used [0x0000000705a00000,0x00000007070c9490,0x000000070dd80000)
 Metaspace       used 53262K, capacity 54018K, committed 54272K, reserved 1097728K
  class space    used 6710K, capacity 6903K, committed 6912K, reserved 1048576K
Event: 1702.544 GC heap after
Heap after GC invocations=15 (full 2):
 PSYoungGen      total 365568K, used 24565K [0x0000000781e00000, 0x000000079f700000, 0x00000007c0000000)
  eden space 340992K, 0% used [0x0000000781e00000,0x0000000781e00000,0x0000000796b00000)
  from space 24576K, 99% used [0x0000000796b00000,0x00000007982fd558,0x0000000798300000)
  to   space 29696K, 0% used [0x000000079da00000,0x000000079da00000,0x000000079f700000)
 ParOldGen       total 134656K, used 26971K [0x0000000705a00000, 0x000000070dd80000, 0x0000000781e00000)
  object space 134656K, 20% used [0x0000000705a00000,0x0000000707456fd0,0x000000070dd80000)
 Metaspace       used 53262K, capacity 54018K, committed 54272K, reserved 1097728K
  class space    used 6710K, capacity 6903K, committed 6912K, reserved 1048576K
}
Event: 2637.678 GC heap before
{Heap before GC invocations=16 (full 2):
 PSYoungGen      total 365568K, used 365557K [0x0000000781e00000, 0x000000079f700000, 0x00000007c0000000)
  eden space 340992K, 100% used [0x0000000781e00000,0x0000000796b00000,0x0000000796b00000)
  from space 24576K, 99% used [0x0000000796b00000,0x00000007982fd558,0x0000000798300000)
  to   space 29696K, 0% used [0x000000079da00000,0x000000079da00000,0x000000079f700000)
 ParOldGen       total 134656K, used 26971K [0x0000000705a00000, 0x000000070dd80000, 0x0000000781e00000)
  object space 134656K, 20% used [0x0000000705a00000,0x0000000707456fd0,0x000000070dd80000)
 Metaspace       used 53889K, capacity 54618K, committed 55040K, reserved 1097728K
  class space    used 6727K, capacity 6907K, committed 6912K, reserved 1048576K
Event: 2637.744 GC heap after
Heap after GC invocations=16 (full 2):
 PSYoungGen      total 424448K, used 13041K [0x0000000781e00000, 0x000000079e700000, 0x00000007c0000000)
  eden space 411136K, 0% used [0x0000000781e00000,0x0000000781e00000,0x000000079af80000)
  from space 13312K, 97% used [0x000000079da00000,0x000000079e6bc498,0x000000079e700000)
  to   space 28160K, 0% used [0x000000079b000000,0x000000079b000000,0x000000079cb80000)
 ParOldGen       total 134656K, used 33684K [0x0000000705a00000, 0x000000070dd80000, 0x0000000781e00000)
  object space 134656K, 25% used [0x0000000705a00000,0x0000000707ae50e0,0x000000070dd80000)
 Metaspace       used 53889K, capacity 54618K, committed 55040K, reserved 1097728K
  class space    used 6727K, capacity 6907K, committed 6912K, reserved 1048576K
}
Event: 5971.928 GC heap before
{Heap before GC invocations=17 (full 2):
 PSYoungGen      total 424448K, used 424177K [0x0000000781e00000, 0x000000079e700000, 0x00000007c0000000)
  eden space 411136K, 100% used [0x0000000781e00000,0x000000079af80000,0x000000079af80000)
  from space 13312K, 97% used [0x000000079da00000,0x000000079e6bc498,0x000000079e700000)
  to   space 28160K, 0% used [0x000000079b000000,0x000000079b000000,0x000000079cb80000)
 ParOldGen       total 134656K, used 33684K [0x0000000705a00000, 0x000000070dd80000, 0x0000000781e00000)
  object space 134656K, 25% used [0x0000000705a00000,0x0000000707ae50e0,0x000000070dd80000)
 Metaspace       used 54496K, capacity 55264K, committed 55552K, reserved 1097728K
  class space    used 6732K, capacity 6908K, committed 6912K, reserved 1048576K
Event: 5971.957 GC heap after
Heap after GC invocations=17 (full 2):
 PSYoungGen      total 408064K, used 12312K [0x0000000781e00000, 0x000000079da80000, 0x00000007c0000000)
  eden space 395264K, 0% used [0x0000000781e00000,0x0000000781e00000,0x000000079a000000)
  from space 12800K, 96% used [0x000000079b000000,0x000000079bc06300,0x000000079bc80000)
  to   space 26624K, 0% used [0x000000079c080000,0x000000079c080000,0x000000079da80000)
 ParOldGen       total 134656K, used 33692K [0x0000000705a00000, 0x000000070dd80000, 0x0000000781e00000)
  object space 134656K, 25% used [0x0000000705a00000,0x0000000707ae70e0,0x000000070dd80000)
 Metaspace       used 54496K, capacity 55264K, committed 55552K, reserved 1097728K
  class space    used 6732K, capacity 6908K, committed 6912K, reserved 1048576K
}
Event: 9469.130 GC heap before
{Heap before GC invocations=18 (full 2):
 PSYoungGen      total 408064K, used 407576K [0x0000000781e00000, 0x000000079da80000, 0x00000007c0000000)
  eden space 395264K, 100% used [0x0000000781e00000,0x000000079a000000,0x000000079a000000)
  from space 12800K, 96% used [0x000000079b000000,0x000000079bc06300,0x000000079bc80000)
  to   space 26624K, 0% used [0x000000079c080000,0x000000079c080000,0x000000079da80000)
 ParOldGen       total 134656K, used 33692K [0x0000000705a00000, 0x000000070dd80000, 0x0000000781e00000)
  object space 134656K, 25% used [0x0000000705a00000,0x0000000707ae70e0,0x000000070dd80000)
 Metaspace       used 54745K, capacity 55456K, committed 55808K, reserved 1097728K
  class space    used 6737K, capacity 6908K, committed 6912K, reserved 1048576K
Event: 9469.151 GC heap after
Heap after GC invocations=18 (full 2):
 PSYoungGen      total 390144K, used 10232K [0x0000000781e00000, 0x000000079ca80000, 0x00000007c0000000)
  eden space 379904K, 0% used [0x0000000781e00000,0x0000000781e00000,0x0000000799100000)
  from space 10240K, 99% used [0x000000079c080000,0x000000079ca7e300,0x000000079ca80000)
  to   space 26112K, 0% used [0x0000000799780000,0x0000000799780000,0x000000079b100000)
 ParOldGen       total 134656K, used 33700K [0x0000000705a00000, 0x000000070dd80000, 0x0000000781e00000)
  object space 134656K, 25% used [0x0000000705a00000,0x0000000707ae90e0,0x000000070dd80000)
 Metaspace       used 54745K, capacity 55456K, committed 55808K, reserved 1097728K
  class space    used 6737K, capacity 6908K, committed 6912K, reserved 1048576K
}
Event: 12869.223 GC heap before
{Heap before GC invocations=19 (full 2):
 PSYoungGen      total 390144K, used 390136K [0x0000000781e00000, 0x000000079ca80000, 0x00000007c0000000)
  eden space 379904K, 100% used [0x0000000781e00000,0x0000000799100000,0x0000000799100000)
  from space 10240K, 99% used [0x000000079c080000,0x000000079ca7e300,0x000000079ca80000)
  to   space 26112K, 0% used [0x0000000799780000,0x0000000799780000,0x000000079b100000)
 ParOldGen       total 134656K, used 33700K [0x0000000705a00000, 0x000000070dd80000, 0x0000000781e00000)
  object space 134656K, 25% used [0x0000000705a00000,0x0000000707ae90e0,0x000000070dd80000)
 Metaspace       used 54809K, capacity 55520K, committed 55808K, reserved 1097728K
  class space    used 6737K, capacity 6908K, committed 6912K, reserved 1048576K

Deoptimization events (10 events):
Event: 2206.456 Thread 0x00007fe4f8157800 Uncommon trap: reason=class_check action=maybe_recompile pc=0x00007fe56a0f760c method=com.fasterxml.jackson.core.JsonGenerator.writeNumberField(Ljava/lang/String;I)V @ 2
Event: 2206.456 Thread 0x00007fe4f8157800 Uncommon trap: reason=class_check action=maybe_recompile pc=0x00007fe56a0f760c method=com.fasterxml.jackson.core.JsonGenerator.writeNumberField(Ljava/lang/String;I)V @ 2
Event: 2206.456 Thread 0x00007fe4f8157800 Uncommon trap: reason=class_check action=maybe_recompile pc=0x00007fe56a0f760c method=com.fasterxml.jackson.core.JsonGenerator.writeNumberField(Ljava/lang/String;I)V @ 2
Event: 2246.437 Thread 0x00007fe4f8157800 Uncommon trap: reason=unstable_if action=reinterpret pc=0x00007fe5698d48bc method=java.util.concurrent.FutureTask.run()V @ 4
Event: 2636.971 Thread 0x00007fe5792c0800 Uncommon trap: reason=class_check action=maybe_recompile pc=0x00007fe56a2167d4 method=java.util.regex.Pattern$Begin.match(Ljava/util/regex/Matcher;ILjava/lang/CharSequence;)Z @ 30
Event: 2637.583 Thread 0x00007fe5792c0800 Uncommon trap: reason=class_check action=maybe_recompile pc=0x00007fe56a2749f4 method=java.util.HashMap.removeNode(ILjava/lang/Object;Ljava/lang/Object;ZZ)Ljava/util/HashMap$Node; @ 143
Event: 2637.807 Thread 0x00007fe4f0110800 Uncommon trap: reason=class_check action=maybe_recompile pc=0x00007fe56a0f760c method=com.fasterxml.jackson.core.JsonGenerator.writeNumberField(Ljava/lang/String;I)V @ 2
Event: 9492.507 Thread 0x00007fe51c001800 Uncommon trap: reason=unstable_if action=reinterpret pc=0x00007fe5695fd4c0 method=org.springframework.util.ConcurrentReferenceHashMap$Segment.restructureIfNecessary(Z)V @ 33
Event: 12518.849 Thread 0x00007fe4f407d800 Uncommon trap: reason=unstable_if action=reinterpret pc=0x00007fe56a315580 method=rx.Scheduler$Worker$1.call()V @ 61
Event: 12542.849 Thread 0x00007fe4f4007000 Uncommon trap: reason=unstable_if action=reinterpret pc=0x00007fe56a58b1e8 method=java.util.concurrent.locks.AbstractQueuedSynchronizer$ConditionObject.awaitNanos(J)J @ 73

Internal exceptions (10 events):
Event: 10003.054 Thread 0x00007fe5240b8800 Exception <a 'java/net/SocketTimeoutException': Read timed out> (0x00000007856b8f28) thrown at [/HUDSON3/workspace/8-2-build-linux-amd64/jdk8u144/9417/hotspot/src/share/vm/prims/jni.cpp, line 735]
Event: 10033.058 Thread 0x00007fe5240b8800 Exception <a 'java/net/SocketTimeoutException': Read timed out> (0x0000000786155cb8) thrown at [/HUDSON3/workspace/8-2-build-linux-amd64/jdk8u144/9417/hotspot/src/share/vm/prims/jni.cpp, line 735]
Event: 10063.063 Thread 0x00007fe5240b8800 Exception <a 'java/net/SocketTimeoutException': Read timed out> (0x000000078615fca0) thrown at [/HUDSON3/workspace/8-2-build-linux-amd64/jdk8u144/9417/hotspot/src/share/vm/prims/jni.cpp, line 735]
Event: 10093.068 Thread 0x00007fe5240b8800 Exception <a 'java/net/SocketTimeoutException': Read timed out> (0x0000000786169c88) thrown at [/HUDSON3/workspace/8-2-build-linux-amd64/jdk8u144/9417/hotspot/src/share/vm/prims/jni.cpp, line 735]
Event: 10123.072 Thread 0x00007fe5240b8800 Exception <a 'java/net/SocketTimeoutException': Read timed out> (0x0000000786173c70) thrown at [/HUDSON3/workspace/8-2-build-linux-amd64/jdk8u144/9417/hotspot/src/share/vm/prims/jni.cpp, line 735]
Event: 10153.077 Thread 0x00007fe5240b8800 Exception <a 'java/net/SocketTimeoutException': Read timed out> (0x000000078617dc58) thrown at [/HUDSON3/workspace/8-2-build-linux-amd64/jdk8u144/9417/hotspot/src/share/vm/prims/jni.cpp, line 735]
Event: 10183.081 Thread 0x00007fe5240b8800 Exception <a 'java/net/SocketTimeoutException': Read timed out> (0x000000078703a528) thrown at [/HUDSON3/workspace/8-2-build-linux-amd64/jdk8u144/9417/hotspot/src/share/vm/prims/jni.cpp, line 735]
Event: 10213.086 Thread 0x00007fe5240b8800 Exception <a 'java/net/SocketTimeoutException': Read timed out> (0x0000000787044510) thrown at [/HUDSON3/workspace/8-2-build-linux-amd64/jdk8u144/9417/hotspot/src/share/vm/prims/jni.cpp, line 735]
Event: 10243.091 Thread 0x00007fe5240b8800 Exception <a 'java/net/SocketTimeoutException': Read timed out> (0x000000078704e4f8) thrown at [/HUDSON3/workspace/8-2-build-linux-amd64/jdk8u144/9417/hotspot/src/share/vm/prims/jni.cpp, line 735]
Event: 12526.044 Thread 0x00007fe5240b8800 Exception <a 'java/net/UnknownHostException'> (0x0000000796e2f418) thrown at [/HUDSON3/workspace/8-2-build-linux-amd64/jdk8u144/9417/hotspot/src/share/vm/prims/jni.cpp, line 709]

Events (10 events):
Event: 12792.224 Thread 0x00007fe4f4087800 DEOPT UNPACKING pc=0x00007fe569047633 sp=0x00007fe4ee0e33c0 mode 0
Event: 12838.180 Executing VM operation: RevokeBias
Event: 12838.181 Executing VM operation: RevokeBias done
Event: 12838.181 Executing VM operation: RevokeBias
Event: 12838.181 Executing VM operation: RevokeBias done
Event: 12868.182 Executing VM operation: RevokeBias
Event: 12868.182 Executing VM operation: RevokeBias done
Event: 12868.182 Executing VM operation: RevokeBias
Event: 12868.183 Executing VM operation: RevokeBias done
Event: 12869.223 Executing VM operation: ParallelGCFailedAllocation


Dynamic libraries:
00400000-00401000 r-xp 00000000 08:04 18626818                           /usr/lib/jvm/java-8-oracle/bin/java
00600000-00601000 rw-p 00000000 08:04 18626818                           /usr/lib/jvm/java-8-oracle/bin/java
01062000-01083000 rw-p 00000000 00:00 0                                  [heap]
705a00000-70dd80000 rw-p 00000000 00:00 0 
70dd80000-781e00000 ---p 00000000 00:00 0 
781e00000-79ca80000 rw-p 00000000 00:00 0 
79ca80000-7c0000000 ---p 00000000 00:00 0 
7c0000000-7c06c0000 rw-p 00000000 00:00 0 
7c06c0000-800000000 ---p 00000000 00:00 0 
7fe4dc000000-7fe4dc021000 rw-p 00000000 00:00 0 
7fe4dc021000-7fe4e0000000 ---p 00000000 00:00 0 
7fe4e4000000-7fe4e41e5000 rw-p 00000000 00:00 0 
7fe4e41e5000-7fe4e8000000 ---p 00000000 00:00 0 
7fe4e8000000-7fe4e882e000 rw-p 00000000 00:00 0 
7fe4e882e000-7fe4ec000000 ---p 00000000 00:00 0 
7fe4ed8df000-7fe4ed8e2000 ---p 00000000 00:00 0 
7fe4ed8e2000-7fe4edba0000 rw-p 00000000 00:00 0 
7fe4edba0000-7fe4edbe0000 ---p 00000000 00:00 0 
7fe4edbe0000-7fe4edbe3000 ---p 00000000 00:00 0 
7fe4edbe3000-7fe4edce1000 rw-p 00000000 00:00 0                          [stack:14255]
7fe4edce1000-7fe4edce4000 ---p 00000000 00:00 0 
7fe4edce4000-7fe4edde2000 rw-p 00000000 00:00 0                          [stack:14254]
7fe4edde2000-7fe4edde5000 ---p 00000000 00:00 0 
7fe4edde5000-7fe4edee3000 rw-p 00000000 00:00 0                          [stack:14249]
7fe4edee3000-7fe4edee6000 ---p 00000000 00:00 0 
7fe4edee6000-7fe4edfe4000 rw-p 00000000 00:00 0                          [stack:14203]
7fe4edfe4000-7fe4edfe7000 ---p 00000000 00:00 0 
7fe4edfe7000-7fe4ee0e5000 rw-p 00000000 00:00 0                          [stack:14199]
7fe4ee0e5000-7fe4ee0e8000 ---p 00000000 00:00 0 
7fe4ee0e8000-7fe4ee1e6000 rw-p 00000000 00:00 0                          [stack:14198]
7fe4ee1e6000-7fe4ee1e9000 ---p 00000000 00:00 0 
7fe4ee1e9000-7fe4ee2e7000 rw-p 00000000 00:00 0                          [stack:14197]
7fe4ee2e7000-7fe4ee2ea000 ---p 00000000 00:00 0 
7fe4ee2ea000-7fe4ee3e8000 rw-p 00000000 00:00 0                          [stack:14196]
7fe4ee3e8000-7fe4ee3eb000 ---p 00000000 00:00 0 
7fe4ee3eb000-7fe4ee4e9000 rw-p 00000000 00:00 0                          [stack:14193]
7fe4ee4e9000-7fe4ee4ec000 ---p 00000000 00:00 0 
7fe4ee4ec000-7fe4ee5ea000 rw-p 00000000 00:00 0                          [stack:14192]
7fe4ee5ea000-7fe4ee5ed000 ---p 00000000 00:00 0 
7fe4ee5ed000-7fe4ee6eb000 rw-p 00000000 00:00 0                          [stack:14191]
7fe4ee6eb000-7fe4ee6ee000 ---p 00000000 00:00 0 
7fe4ee6ee000-7fe4ee9ec000 rw-p 00000000 00:00 0                          [stack:14190]
7fe4ee9ec000-7fe4ee9ef000 ---p 00000000 00:00 0 
7fe4ee9ef000-7fe4eeaed000 rw-p 00000000 00:00 0                          [stack:14189]
7fe4eeaed000-7fe4eeaf0000 ---p 00000000 00:00 0 
7fe4eeaf0000-7fe4eebee000 rw-p 00000000 00:00 0                          [stack:14188]
7fe4eebee000-7fe4eebf1000 ---p 00000000 00:00 0 
7fe4eebf1000-7fe4eecef000 rw-p 00000000 00:00 0                          [stack:14187]
7fe4eecef000-7fe4eecf2000 ---p 00000000 00:00 0 
7fe4eecf2000-7fe4eedf0000 rw-p 00000000 00:00 0                          [stack:14186]
7fe4eedf0000-7fe4eedf3000 ---p 00000000 00:00 0 
7fe4eedf3000-7fe4ef0f1000 rw-p 00000000 00:00 0                          [stack:15259]
7fe4ef0f1000-7fe4ef0f4000 ---p 00000000 00:00 0 
7fe4ef0f4000-7fe4ef1f2000 rw-p 00000000 00:00 0                          [stack:15292]
7fe4ef1f2000-7fe4ef1f5000 ---p 00000000 00:00 0 
7fe4ef1f5000-7fe4ef2f3000 rw-p 00000000 00:00 0                          [stack:13420]
7fe4ef2f3000-7fe4ef2f6000 ---p 00000000 00:00 0 
7fe4ef2f6000-7fe4ef3f4000 rw-p 00000000 00:00 0                          [stack:13419]
7fe4ef3f4000-7fe4ef3f7000 ---p 00000000 00:00 0 
7fe4ef3f7000-7fe4ef4f5000 rw-p 00000000 00:00 0                          [stack:13418]
7fe4ef4f5000-7fe4ef4f8000 ---p 00000000 00:00 0 
7fe4ef4f8000-7fe4ef5f6000 rw-p 00000000 00:00 0                          [stack:13417]
7fe4ef5f6000-7fe4ef5f9000 ---p 00000000 00:00 0 
7fe4ef5f9000-7fe4ef6f7000 rw-p 00000000 00:00 0                          [stack:13416]
7fe4ef6f7000-7fe4ef6fa000 ---p 00000000 00:00 0 
7fe4ef6fa000-7fe4ef7f8000 rw-p 00000000 00:00 0                          [stack:13415]
7fe4ef7f8000-7fe4ef7fb000 ---p 00000000 00:00 0 
7fe4ef7fb000-7fe4ef8f9000 rw-p 00000000 00:00 0                          [stack:13414]
7fe4ef8f9000-7fe4ef8fc000 ---p 00000000 00:00 0 
7fe4ef8fc000-7fe4ef9fa000 rw-p 00000000 00:00 0                          [stack:13413]
7fe4ef9fa000-7fe4ef9fd000 ---p 00000000 00:00 0 
7fe4ef9fd000-7fe4efafb000 rw-p 00000000 00:00 0                          [stack:13412]
7fe4efafb000-7fe4efafe000 ---p 00000000 00:00 0 
7fe4efafe000-7fe4efbfc000 rw-p 00000000 00:00 0                          [stack:13411]
7fe4efbfc000-7fe4efbff000 ---p 00000000 00:00 0 
7fe4efbff000-7fe4efcfd000 rw-p 00000000 00:00 0                          [stack:13410]
7fe4efcfd000-7fe4efd00000 ---p 00000000 00:00 0 
7fe4efd00000-7fe4efdfe000 rw-p 00000000 00:00 0                          [stack:13409]
7fe4efdfe000-7fe4efe01000 ---p 00000000 00:00 0 
7fe4efe01000-7fe4efeff000 rw-p 00000000 00:00 0                          [stack:13408]
7fe4efeff000-7fe4eff02000 ---p 00000000 00:00 0 
7fe4eff02000-7fe4f0000000 rw-p 00000000 00:00 0                          [stack:13407]
7fe4f0000000-7fe4f012d000 rw-p 00000000 00:00 0 
7fe4f012d000-7fe4f4000000 ---p 00000000 00:00 0 
7fe4f4000000-7fe4f4098000 rw-p 00000000 00:00 0 
7fe4f4098000-7fe4f8000000 ---p 00000000 00:00 0 
7fe4f8000000-7fe4f816e000 rw-p 00000000 00:00 0 
7fe4f816e000-7fe4fc000000 ---p 00000000 00:00 0 
7fe4fc000000-7fe4fc021000 rw-p 00000000 00:00 0 
7fe4fc021000-7fe500000000 ---p 00000000 00:00 0 
7fe500000000-7fe500021000 rw-p 00000000 00:00 0 
7fe500021000-7fe504000000 ---p 00000000 00:00 0 
7fe504000000-7fe504052000 rw-p 00000000 00:00 0 
7fe504052000-7fe508000000 ---p 00000000 00:00 0 
7fe508000000-7fe50802d000 rw-p 00000000 00:00 0 
7fe50802d000-7fe50c000000 ---p 00000000 00:00 0 
7fe50c000000-7fe50c021000 rw-p 00000000 00:00 0 
7fe50c021000-7fe510000000 ---p 00000000 00:00 0 
7fe510000000-7fe51028f000 rw-p 00000000 00:00 0 
7fe51028f000-7fe514000000 ---p 00000000 00:00 0 
7fe514000000-7fe514021000 rw-p 00000000 00:00 0 
7fe514021000-7fe518000000 ---p 00000000 00:00 0 
7fe518000000-7fe518021000 rw-p 00000000 00:00 0 
7fe518021000-7fe51c000000 ---p 00000000 00:00 0 
7fe51c000000-7fe51c021000 rw-p 00000000 00:00 0 
7fe51c021000-7fe520000000 ---p 00000000 00:00 0 
7fe520000000-7fe520268000 rw-p 00000000 00:00 0 
7fe520268000-7fe524000000 ---p 00000000 00:00 0 
7fe524000000-7fe52419c000 rw-p 00000000 00:00 0 
7fe52419c000-7fe528000000 ---p 00000000 00:00 0 
7fe528000000-7fe528021000 rw-p 00000000 00:00 0 
7fe528021000-7fe52c000000 ---p 00000000 00:00 0 
7fe52c000000-7fe52c021000 rw-p 00000000 00:00 0 
7fe52c021000-7fe530000000 ---p 00000000 00:00 0 
7fe530000000-7fe5322d0000 rw-p 00000000 00:00 0 
7fe5322d0000-7fe534000000 ---p 00000000 00:00 0 
7fe534000000-7fe53515f000 rw-p 00000000 00:00 0 
7fe53515f000-7fe538000000 ---p 00000000 00:00 0 
7fe538000000-7fe538021000 rw-p 00000000 00:00 0 
7fe538021000-7fe53c000000 ---p 00000000 00:00 0 
7fe53c000000-7fe53db2c000 rw-p 00000000 00:00 0 
7fe53db2c000-7fe540000000 ---p 00000000 00:00 0 
7fe540000000-7fe540021000 rw-p 00000000 00:00 0 
7fe540021000-7fe544000000 ---p 00000000 00:00 0 
7fe544000000-7fe544021000 rw-p 00000000 00:00 0 
7fe544021000-7fe548000000 ---p 00000000 00:00 0 
7fe548000000-7fe548162000 rw-p 00000000 00:00 0 
7fe548162000-7fe54c000000 ---p 00000000 00:00 0 
7fe54c065000-7fe54c068000 ---p 00000000 00:00 0 
7fe54c068000-7fe54c166000 rw-p 00000000 00:00 0                          [stack:13406]
7fe54c166000-7fe54c169000 ---p 00000000 00:00 0 
7fe54c169000-7fe54c267000 rw-p 00000000 00:00 0                          [stack:13405]
7fe54c267000-7fe54c26a000 ---p 00000000 00:00 0 
7fe54c26a000-7fe54c368000 rw-p 00000000 00:00 0                          [stack:15258]
7fe54c368000-7fe54c36b000 ---p 00000000 00:00 0 
7fe54c36b000-7fe54c469000 rw-p 00000000 00:00 0                          [stack:15528]
7fe54c469000-7fe54c46c000 ---p 00000000 00:00 0 
7fe54c46c000-7fe54c76a000 rw-p 00000000 00:00 0                          [stack:15291]
7fe54c76a000-7fe54c76d000 ---p 00000000 00:00 0 
7fe54c76d000-7fe54c86b000 rw-p 00000000 00:00 0                          [stack:15261]
7fe54c86b000-7fe54c86e000 ---p 00000000 00:00 0 
7fe54c86e000-7fe54c96c000 rw-p 00000000 00:00 0                          [stack:15257]
7fe54c96c000-7fe54c96f000 ---p 00000000 00:00 0 
7fe54c96f000-7fe54cc6d000 rw-p 00000000 00:00 0                          [stack:15256]
7fe54cc6d000-7fe54ce6d000 rw-p 00000000 00:00 0 
7fe54ce6d000-7fe54d06d000 rw-p 00000000 00:00 0 
7fe54d06d000-7fe54d070000 ---p 00000000 00:00 0 
7fe54d070000-7fe54d36e000 rw-p 00000000 00:00 0                          [stack:13388]
7fe54d36e000-7fe54d384000 r-xp 00000000 08:04 20709694                   /lib/x86_64-linux-gnu/libgcc_s.so.1
7fe54d384000-7fe54d583000 ---p 00016000 08:04 20709694                   /lib/x86_64-linux-gnu/libgcc_s.so.1
7fe54d583000-7fe54d584000 rw-p 00015000 08:04 20709694                   /lib/x86_64-linux-gnu/libgcc_s.so.1
7fe54d584000-7fe54d5b6000 r-xp 00000000 08:04 18624987                   /usr/lib/jvm/java-8-oracle/jre/lib/amd64/libsunec.so
7fe54d5b6000-7fe54d7b5000 ---p 00032000 08:04 18624987                   /usr/lib/jvm/java-8-oracle/jre/lib/amd64/libsunec.so
7fe54d7b5000-7fe54d7bb000 rw-p 00031000 08:04 18624987                   /usr/lib/jvm/java-8-oracle/jre/lib/amd64/libsunec.so
7fe54d7bb000-7fe54d9cb000 rw-p 00000000 00:00 0 
7fe54d9cb000-7fe54d9ce000 ---p 00000000 00:00 0 
7fe54d9ce000-7fe54dacc000 rw-p 00000000 00:00 0                          [stack:13387]
7fe54dacc000-7fe54dacf000 ---p 00000000 00:00 0 
7fe54dacf000-7fe54dbcd000 rw-p 00000000 00:00 0                          [stack:13386]
7fe54dbcd000-7fe54dbd0000 ---p 00000000 00:00 0 
7fe54dbd0000-7fe54dcce000 rw-p 00000000 00:00 0                          [stack:13385]
7fe54dcce000-7fe54dcd1000 ---p 00000000 00:00 0 
7fe54dcd1000-7fe54dfcf000 rw-p 00000000 00:00 0                          [stack:13384]
7fe54dfcf000-7fe54dfd2000 ---p 00000000 00:00 0 
7fe54dfd2000-7fe54e2d0000 rw-p 00000000 00:00 0                          [stack:15260]
7fe54e2d0000-7fe554000000 rw-p 00000000 00:00 0 
7fe554000000-7fe554036000 rw-p 00000000 00:00 0 
7fe554036000-7fe558000000 ---p 00000000 00:00 0 
7fe558000000-7fe558021000 rw-p 00000000 00:00 0 
7fe558021000-7fe55c000000 ---p 00000000 00:00 0 
7fe55c000000-7fe55c021000 rw-p 00000000 00:00 0 
7fe55c021000-7fe560000000 ---p 00000000 00:00 0 
7fe560077000-7fe560078000 rw-p 00000000 00:00 0 
7fe560078000-7fe56007a000 r--s 00009000 08:04 18625778                   /usr/lib/jvm/java-8-oracle/jre/lib/ext/sunec.jar
7fe56007a000-7fe56007d000 r--s 0001a000 08:04 18625934                   /usr/lib/jvm/java-8-oracle/jre/lib/jce.jar
7fe56007d000-7fe56027d000 rw-p 00000000 00:00 0 
7fe56027d000-7fe56047d000 rw-p 00000000 00:00 0 
7fe56047d000-7fe56067d000 rw-p 00000000 00:00 0 
7fe56067d000-7fe56087d000 rw-p 00000000 00:00 0 
7fe56087d000-7fe560a7d000 rw-p 00000000 00:00 0 
7fe560a7d000-7fe560b12000 r--s 01110000 08:04 18625854                   /usr/lib/jvm/java-8-oracle/jre/lib/ext/jfxrt.jar
7fe560b12000-7fe560b23000 r-xp 00000000 08:04 18624986                   /usr/lib/jvm/java-8-oracle/jre/lib/amd64/libnio.so
7fe560b23000-7fe560d22000 ---p 00011000 08:04 18624986                   /usr/lib/jvm/java-8-oracle/jre/lib/amd64/libnio.so
7fe560d22000-7fe560d23000 rw-p 00010000 08:04 18624986                   /usr/lib/jvm/java-8-oracle/jre/lib/amd64/libnio.so
7fe560d23000-7fe560f23000 rw-p 00000000 00:00 0 
7fe560f23000-7fe561123000 rw-p 00000000 00:00 0 
7fe561123000-7fe561323000 rw-p 00000000 00:00 0 
7fe561323000-7fe561523000 rw-p 00000000 00:00 0 
7fe561523000-7fe56152c000 r-xp 00000000 08:04 18624992                   /usr/lib/jvm/java-8-oracle/jre/lib/amd64/libmanagement.so
7fe56152c000-7fe56172b000 ---p 00009000 08:04 18624992                   /usr/lib/jvm/java-8-oracle/jre/lib/amd64/libmanagement.so
7fe56172b000-7fe56172c000 rw-p 00008000 08:04 18624992                   /usr/lib/jvm/java-8-oracle/jre/lib/amd64/libmanagement.so
7fe56172c000-7fe561743000 r-xp 00000000 08:04 20715328                   /lib/x86_64-linux-gnu/libresolv-2.19.so
7fe561743000-7fe561943000 ---p 00017000 08:04 20715328                   /lib/x86_64-linux-gnu/libresolv-2.19.so
7fe561943000-7fe561944000 r--p 00017000 08:04 20715328                   /lib/x86_64-linux-gnu/libresolv-2.19.so
7fe561944000-7fe561945000 rw-p 00018000 08:04 20715328                   /lib/x86_64-linux-gnu/libresolv-2.19.so
7fe561945000-7fe561947000 rw-p 00000000 00:00 0 
7fe561947000-7fe56194c000 r-xp 00000000 08:04 20715340                   /lib/x86_64-linux-gnu/libnss_dns-2.19.so
7fe56194c000-7fe561b4b000 ---p 00005000 08:04 20715340                   /lib/x86_64-linux-gnu/libnss_dns-2.19.so
7fe561b4b000-7fe561b4c000 r--p 00004000 08:04 20715340                   /lib/x86_64-linux-gnu/libnss_dns-2.19.so
7fe561b4c000-7fe561b4d000 rw-p 00005000 08:04 20715340                   /lib/x86_64-linux-gnu/libnss_dns-2.19.so
7fe561b4d000-7fe561b4f000 r-xp 00000000 08:04 20713402                   /lib/x86_64-linux-gnu/libnss_mdns4_minimal.so.2
7fe561b4f000-7fe561d4e000 ---p 00002000 08:04 20713402                   /lib/x86_64-linux-gnu/libnss_mdns4_minimal.so.2
7fe561d4e000-7fe561d4f000 r--p 00001000 08:04 20713402                   /lib/x86_64-linux-gnu/libnss_mdns4_minimal.so.2
7fe561d4f000-7fe561d50000 rw-p 00002000 08:04 20713402                   /lib/x86_64-linux-gnu/libnss_mdns4_minimal.so.2
7fe561d50000-7fe561d55000 r--s 002f9000 08:04 18625940                   /usr/lib/jvm/java-8-oracle/jre/lib/charsets.jar
7fe561d55000-7fe561d5a000 r--s 0009a000 08:04 18625001                   /usr/lib/jvm/java-8-oracle/jre/lib/jsse.jar
7fe561d5a000-7fe561d6d000 r--s 00345000 08:04 18625051                   /usr/lib/jvm/java-8-oracle/jre/lib/resources.jar
7fe561d6d000-7fe561d70000 ---p 00000000 00:00 0 
7fe561d70000-7fe561e6e000 rw-p 00000000 00:00 0                          [stack:15293]
7fe561e6e000-7fe561e84000 r-xp 00000000 08:04 18624884                   /usr/lib/jvm/java-8-oracle/jre/lib/amd64/libnet.so
7fe561e84000-7fe562084000 ---p 00016000 08:04 18624884                   /usr/lib/jvm/java-8-oracle/jre/lib/amd64/libnet.so
7fe562084000-7fe562085000 rw-p 00016000 08:04 18624884                   /usr/lib/jvm/java-8-oracle/jre/lib/amd64/libnet.so
7fe562085000-7fe56208a000 r--s 00068000 08:04 25700979                   /home/anil/.gradle/caches/modules-2/files-2.1/antlr/antlr/2.7.7/83cd2cd674a217ade95a4bb83a8a14f351f48bd0/antlr-2.7.7.jar
7fe56208a000-7fe56208d000 r--s 00022000 08:04 25700978                   /home/anil/.gradle/caches/modules-2/files-2.1/org.antlr/stringtemplate/3.2.1/59ec8083721eae215c6f3caee944c410d2be34de/stringtemplate-3.2.1.jar
7fe56208d000-7fe562098000 r--s 0006a000 08:04 25700969                   /home/anil/.gradle/caches/modules-2/files-2.1/ch.qos.logback/logback-core/1.1.11/88b8df40340eed549fb07e2613879bf6b006704d/logback-core-1.1.11.jar
7fe562098000-7fe56209f000 r--s 00060000 08:04 25700976                   /home/anil/.gradle/caches/modules-2/files-2.1/io.netty/netty-common/4.0.27.Final/f9adee4559928c2e75d58b33e109c17342cb0991/netty-common-4.0.27.Final.jar
7fe56209f000-7fe5620a1000 r--s 00027000 08:04 25700260                   /home/anil/.gradle/caches/modules-2/files-2.1/io.netty/netty-buffer/4.0.27.Final/91d5d38fd5cfa7b507e4f82297ba2bf7f30be805/netty-buffer-4.0.27.Final.jar
7fe5620a1000-7fe5620a8000 r--s 00047000 08:04 25700977                   /home/anil/.gradle/caches/modules-2/files-2.1/io.netty/netty-transport/4.0.27.Final/fc1e00d9d2815f74df6af1cf79da65d6b2d6b102/netty-transport-4.0.27.Final.jar
7fe5620a8000-7fe5620ac000 r--s 00020000 08:04 25700974                   /home/anil/.gradle/caches/modules-2/files-2.1/io.netty/netty-codec/4.0.27.Final/8ed3790b480d4370d22ad1b74a79a54663619b3/netty-codec-4.0.27.Final.jar
7fe5620ac000-7fe5620b1000 r--s 00036000 08:04 25700975                   /home/anil/.gradle/caches/modules-2/files-2.1/io.netty/netty-handler/4.0.27.Final/91d5c8e25150759bdfce680f318e7b3e8a493b1f/netty-handler-4.0.27.Final.jar
7fe5620b1000-7fe5620b6000 r--s 00034000 08:04 25700973                   /home/anil/.gradle/caches/modules-2/files-2.1/com.google.code.gson/gson/2.8.0/c4ba5371a29ac9b2ad6129b1d39ea38750043eff/gson-2.8.0.jar
7fe5620b6000-7fe5620ba000 r--s 00025000 08:04 25700972                   /home/anil/.gradle/caches/modules-2/files-2.1/org.antlr/antlr-runtime/3.4/8f011408269a8e42b8548687e137d8eeb56df4b4/antlr-runtime-3.4.jar
7fe5620ba000-7fe5620cb000 r--s 0008a000 08:04 25700971                   /home/anil/.gradle/caches/modules-2/files-2.1/joda-time/joda-time/2.9.9/f7b520c458572890807d143670c9b24f4de90897/joda-time-2.9.9.jar
7fe5620cb000-7fe5620d1000 r--s 00044000 08:04 25700970                   /home/anil/.gradle/caches/modules-2/files-2.1/commons-jxpath/commons-jxpath/1.3/c22d7d0f0f40eb7059a23cfa61773a416768b137/commons-jxpath-1.3.jar
7fe5620d1000-7fe56211b000 r--s 002f4000 08:04 25701505                   /home/anil/.gradle/caches/modules-2/files-2.1/org.bouncycastle/bcprov-jdk15on/1.55/935f2e57a00ec2c489cbd2ad830d4a399708f979/bcprov-jdk15on-1.55.jar
7fe56211b000-7fe56211d000 r--s 00016000 08:04 25700961                   /home/anil/.gradle/caches/modules-2/files-2.1/io.netty/netty-transport-native-epoll/4.0.27.Final/3da4eda5697a09c9f8e217bc6a0f265b5b5102c5/netty-transport-native-epoll-4.0.27.Final.jar
7fe56211d000-7fe562125000 r--s 00061000 08:04 25700960                   /home/anil/.gradle/caches/modules-2/files-2.1/io.netty/netty-codec-http/4.0.27.Final/59b04b31b58942615c0035c61db1167d118ee218/netty-codec-http-4.0.27.Final.jar
7fe562125000-7fe562129000 r--s 00024000 08:04 25700859                   /home/anil/.gradle/caches/modules-2/files-2.1/org.codehaus.woodstox/stax2-api/3.1.4/ac19014b1e6a7c08aad07fe114af792676b685b7/stax2-api-3.1.4.jar
7fe562129000-7fe56212b000 r--s 00004000 08:04 25700956                   /home/anil/.gradle/caches/modules-2/files-2.1/javax.xml.stream/stax-api/1.0-2/d6337b0de8b25e53e81b922352fbea9f9f57ba0b/stax-api-1.0-2.jar
7fe56212b000-7fe56212d000 r--s 00000000 08:04 25700955                   /home/anil/.gradle/caches/modules-2/files-2.1/aopalliance/aopalliance/1.0/235ba8b489512805ac13a8f9ea77a1ca5ebe3e8/aopalliance-1.0.jar
7fe56212d000-7fe562134000 r--s 0003f000 08:04 25700906                   /home/anil/.gradle/caches/modules-2/files-2.1/commons-codec/commons-codec/1.10/4b95f4897fa13f2cd904aee711aeafc0c5295cd8/commons-codec-1.10.jar
7fe562134000-7fe56213c000 r--s 00048000 08:04 25700877                   /home/anil/.gradle/caches/modules-2/files-2.1/org.apache.httpcomponents/httpcore/4.4.6/e3fd8ced1f52c7574af952e2e6da0df8df08eb82/httpcore-4.4.6.jar
7fe56213c000-7fe56214f000 r--s 000df000 08:04 25700953                   /home/anil/.gradle/caches/modules-2/files-2.1/org.apache.commons/commons-math/2.2/4877b85d388275f994a5cfc7eceb73a8045d3006/commons-math-2.2.jar
7fe56214f000-7fe562151000 r--s 00005000 08:04 25700951                   /home/anil/.gradle/caches/modules-2/files-2.1/stax/stax-api/1.0.1/49c100caf72d658aca8e58bd74a4ba90fa2b0d70/stax-api-1.0.1.jar
7fe562151000-7fe562162000 r--s 00096000 08:04 25701504                   /home/anil/.gradle/caches/modules-2/files-2.1/org.bouncycastle/bcpkix-jdk15on/1.55/6392d8cba22b722c6570d660ca0b3921ff1bae4f/bcpkix-jdk15on-1.55.jar
7fe562162000-7fe562164000 r--s 0000c000 08:04 25700950                   /home/anil/.gradle/caches/modules-2/files-2.1/org.springframework.security/spring-security-crypto/4.2.3.RELEASE/a5c850acc91bff1970fe751d7407df81c4bce3cc/spring-security-crypto-4.2.3.RELEASE.jar
7fe562164000-7fe562166000 r--s 0000e000 08:04 25700867                   /home/anil/.gradle/caches/modules-2/files-2.1/com.fasterxml/classmate/1.3.3/864c8e370a691e343210cc7c532fc198cee460d8/classmate-1.3.3.jar
7fe562166000-7fe562169000 r--s 0000e000 08:04 25700938                   /home/anil/.gradle/caches/modules-2/files-2.1/org.jboss.logging/jboss-logging/3.3.1.Final/c46217ab74b532568c0ed31dc599db3048bd1b67/jboss-logging-3.3.1.Final.jar
7fe562169000-7fe56216d000 r--s 0000c000 08:04 25700937                   /home/anil/.gradle/caches/modules-2/files-2.1/javax.validation/validation-api/1.1.0.Final/8613ae82954779d518631e05daa73a6a954817d5/validation-api-1.1.0.Final.jar
7fe56216d000-7fe562172000 r--s 00036000 08:04 25700935                   /home/anil/.gradle/caches/modules-2/files-2.1/org.apache.tomcat.embed/tomcat-embed-el/8.5.15/e4000e5386056eeebb43bf71e7d30c58d2473166/tomcat-embed-el-8.5.15.jar
7fe562172000-7fe56219c000 r--s 002c0000 08:04 25700934                   /home/anil/.gradle/caches/modules-2/files-2.1/org.apache.tomcat.embed/tomcat-embed-core/8.5.15/f197a93ae66212767b004fd93d7a1a8ea62bc3fa/tomcat-embed-core-8.5.15.jar
7fe56219c000-7fe5621a2000 r--s 00036000 08:04 25700936                   /home/anil/.gradle/caches/modules-2/files-2.1/org.apache.tomcat.embed/tomcat-embed-websocket/8.5.15/a92b066b0ea9ee1cb05b7d5e4bfed4ad8898f741/tomcat-embed-websocket-8.5.15.jar
7fe5621a2000-7fe5621a8000 r--s 0003d000 08:04 25700882                   /home/anil/.gradle/caches/modules-2/files-2.1/org.yaml/snakeyaml/1.17/7a27ea250c5130b2922b86dea63cbb1cc10a660c/snakeyaml-1.17.jar
7fe5621a8000-7fe5621be000 r--s 000fc000 08:04 25700324                   /home/anil/.gradle/caches/modules-2/files-2.1/org.springframework/spring-core/4.3.9.RELEASE/430b7298bfb85d66fb61e19ca8f06231b911e9f5/spring-core-4.3.9.RELEASE.jar
7fe5621be000-7fe5621c3000 r--s 0003c000 08:04 25700883                   /home/anil/.gradle/caches/modules-2/files-2.1/org.springframework/spring-expression/4.3.9.RELEASE/4edca6913da9e62a6586714e053e01a61952a153/spring-expression-4.3.9.RELEASE.jar
7fe5621c3000-7fe5621d1000 r--s 000ad000 08:04 25700855                   /home/anil/.gradle/caches/modules-2/files-2.1/org.springframework/spring-beans/4.3.9.RELEASE/daa5abf3779c8cad1a2910e1ea08e4272489d8ae/spring-beans-4.3.9.RELEASE.jar
7fe5621d1000-7fe5621da000 r--s 00054000 08:04 25700791                   /home/anil/.gradle/caches/modules-2/files-2.1/org.springframework/spring-aop/4.3.9.RELEASE/95f5f5cf3cae64266a89dc1bc9e0484425cd8358/spring-aop-4.3.9.RELEASE.jar
7fe5621da000-7fe5621f3000 r--s 000fe000 08:04 25700794                   /home/anil/.gradle/caches/modules-2/files-2.1/org.springframework/spring-context/4.3.9.RELEASE/a186823724f03b98becd5f93b1fa107fe6f7a7ff/spring-context-4.3.9.RELEASE.jar
7fe5621f3000-7fe5621f7000 r--s 0002a000 08:04 25701689                   /home/anil/.gradle/caches/modules-2/files-2.1/commons-io/commons-io/2.4/b1b6ea3b7e4aa4f492509a4952029cd8e48019ad/commons-io-2.4.jar
7fe5621f7000-7fe562204000 r--s 00083000 08:04 25700912                   /home/anil/.gradle/caches/modules-2/files-2.1/commons-collections/commons-collections/3.2.2/8ad72fe39fa8c91eaaf12aadb21e0c3661fe26d5/commons-collections-3.2.2.jar
7fe562204000-7fe562209000 r--s 00041000 08:04 25700911                   /home/anil/.gradle/caches/modules-2/files-2.1/commons-lang/commons-lang/2.6/ce1edb914c94ebc388f086c6827e8bdeec71ac2/commons-lang-2.6.jar
7fe562209000-7fe56220a000 r--s 00000000 08:04 25700909                   /home/anil/.gradle/caches/modules-2/files-2.1/javax.inject/javax.inject/1/6975da39a7040257bd51d21a231b76c915872d38/javax.inject-1.jar
7fe56220a000-7fe562222000 r--s 001bf000 08:04 25700793                   /home/anil/.gradle/caches/modules-2/files-2.1/org.aspectj/aspectjweaver/1.8.10/e198c5fee28988c355f74e06461614eae36b2032/aspectjweaver-1.8.10.jar
7fe562222000-7fe562224000 r--s 0000c000 08:04 25700902                   /home/anil/.gradle/caches/modules-2/files-2.1/org.ow2.asm/asm/5.0.4/da08b8cce7bbf903602a25a3a163ae252435795/asm-5.0.4.jar
7fe562224000-7fe56222a000 r--s 00048000 08:04 25701443                   /home/anil/.gradle/caches/modules-2/files-2.1/org.apache.commons/commons-lang3/3.1/905075e6c80f206bbe6cf1e809d2caa69f420c76/commons-lang3-3.1.jar
7fe56222a000-7fe56222c000 r--s 0001a000 08:04 25700900                   /home/anil/.gradle/caches/modules-2/files-2.1/org.hdrhistogram/HdrHistogram/2.1.9/e4631ce165eb400edecfa32e03d3f1be53dee754/HdrHistogram-2.1.9.jar
7fe56222c000-7fe56222e000 r--s 00005000 08:04 25700899                   /home/anil/.gradle/caches/modules-2/files-2.1/xpp3/xpp3_min/1.1.4c/19d4e90b43059058f6e056f794f0ea4030d60b86/xpp3_min-1.1.4c.jar
7fe56222e000-7fe56222f000 r--s 00001000 08:04 25700898                   /home/anil/.gradle/caches/modules-2/files-2.1/xmlpull/xmlpull/1.1.3.1/2b8e230d2ab644e4ecaa94db7cdedbc40c805dfa/xmlpull-1.1.3.1.jar
7fe56222f000-7fe562231000 r--s 00009000 08:04 25700849                   /home/anil/.gradle/caches/modules-2/files-2.1/org.slf4j/slf4j-api/1.7.25/da76ca59f6a57ee3102f8f9bd9cee742973efa8a/slf4j-api-1.7.25.jar
7fe562231000-7fe562233000 r--s 00004000 08:04 25700949                   /home/anil/.gradle/caches/modules-2/files-2.1/org.slf4j/log4j-over-slf4j/1.7.25/a87bb47468f47ee7aabbd54f93e133d4215769c3/log4j-over-slf4j-1.7.25.jar
7fe562233000-7fe562235000 r--s 00000000 08:04 25700948                   /home/anil/.gradle/caches/modules-2/files-2.1/org.slf4j/jul-to-slf4j/1.7.25/af5364cd6679bfffb114f0dec8a157aaa283b76/jul-to-slf4j-1.7.25.jar
7fe562235000-7fe562237000 r--s 00003000 08:04 25700850                   /home/anil/.gradle/caches/modules-2/files-2.1/org.slf4j/jcl-over-slf4j/1.7.25/f8c32b13ff142a513eeb5b6330b1588dcb2c0461/jcl-over-slf4j-1.7.25.jar
7fe562237000-7fe56223e000 r--s 00045000 08:04 25700947                   /home/anil/.gradle/caches/modules-2/files-2.1/ch.qos.logback/logback-classic/1.1.11/ccedfbacef4a6515d2983e3f89ed753d5d4fb665/logback-classic-1.1.11.jar
7fe56223e000-7fe56223f000 r--s 00000000 08:04 25700881                   /home/anil/.gradle/caches/modules-2/files-2.1/org.springframework.boot/spring-boot-starter-logging/1.5.4.RELEASE/6b4364cfee82890ce9a9c2c59066f3a6e525debd/spring-boot-starter-logging-1.5.4.RELEASE.jar
7fe56223f000-7fe562241000 r--s 00002000 08:04 25700914                   /home/anil/.gradle/caches/modules-2/files-2.1/com.netflix.netflix-commons/netflix-statistics/0.1.1/12f6e48253f9cafa0e24d7d232ff504c52143212/netflix-statistics-0.1.1.jar
7fe562241000-7fe56226c000 r--s 001fc000 08:04 25700866                   /home/anil/.gradle/caches/modules-2/files-2.1/com.google.guava/guava/18.0/cce0823396aa693798f8882e64213b1772032b09/guava-18.0.jar
7fe56226c000-7fe562270000 r--s 00027000 08:04 25700954                   /home/anil/.gradle/caches/modules-2/files-2.1/com.netflix.servo/servo-internal/0.10.1/bb6f9cd7b309189bad01b93a806ba9d6cb5d915a/servo-internal-0.10.1.jar
7fe562270000-7fe562273000 r--s 00016000 08:04 25700952                   /home/anil/.gradle/caches/modules-2/files-2.1/com.netflix.netflix-commons/netflix-infix/0.3.0/acc65969f7367ddd2f1265e0cd7330509ed530dc/netflix-infix-0.3.0.jar
7fe562273000-7fe56227a000 r--s 00050000 08:04 25700897                   /home/anil/.gradle/caches/modules-2/files-2.1/commons-configuration/commons-configuration/1.8/6cce40435bcd8018018f16898de01976b319941a/commons-configuration-1.8.jar
7fe56227a000-7fe562280000 r--s 00071000 08:04 25700896                   /home/anil/.gradle/caches/modules-2/files-2.1/org.codehaus.woodstox/woodstox-core-asl/4.4.1/84fee5eb1a4a1cefe65b6883c73b3fa83be3c1a1/woodstox-core-asl-4.4.1.jar
7fe562280000-7fe562283000 r--s 00042000 08:04 25701688                   /home/anil/.gradle/caches/modules-2/files-2.1/com.fasterxml.jackson.core/jackson-core/2.8.8/d478fb6de45a7c3d2cad07c8ad70c7f0a797a020/jackson-core-2.8.8.jar
7fe562283000-7fe562286000 r--s 0000b000 08:04 25700765                   /home/anil/.gradle/caches/modules-2/files-2.1/com.fasterxml.jackson.core/jackson-annotations/2.8.0/45b426f7796b741035581a176744d91090e2e6fb/jackson-annotations-2.8.0.jar
7fe562286000-7fe562294000 r--s 00097000 08:04 25700895                   /home/anil/.gradle/caches/modules-2/files-2.1/com.google.inject/guice/4.1.0/eeb69005da379a10071aa4948c48d89250febb07/guice-4.1.0.jar
7fe562294000-7fe5622a1000 r--s 000aa000 08:04 25700876                   /home/anil/.gradle/caches/modules-2/files-2.1/org.apache.httpcomponents/httpclient/4.5.3/d1577ae15f01ef5438c5afc62162457c00a34713/httpclient-4.5.3.jar
7fe5622a1000-7fe5622a6000 r--s 00032000 08:04 25700891                   /home/anil/.gradle/caches/modules-2/files-2.1/com.netflix.servo/servo-core/0.10.1/7461ed61647f9996c88ad822546ffc7851a45e0e/servo-core-0.10.1.jar
7fe5622a6000-7fe5622a8000 r--s 0000a000 08:04 25700890                   /home/anil/.gradle/caches/modules-2/files-2.1/javax.ws.rs/jsr311-api/1.1.1/59033da2a1afd56af1ac576750a8d0b1830d59e6/jsr311-api-1.1.1.jar
7fe5622a8000-7fe5622b2000 r--s 00061000 08:04 25700892                   /home/anil/.gradle/caches/modules-2/files-2.1/com.sun.jersey/jersey-core/1.19.1/4282d106f2acd5051bd9bc2935ed9a2920c9385/jersey-core-1.19.1.jar
7fe5622b2000-7fe5622b5000 r--s 0001e000 08:04 25700893                   /home/anil/.gradle/caches/modules-2/files-2.1/com.sun.jersey/jersey-client/1.19.1/2df97ebd4e5c01599584c45caa3aeb563d268eef/jersey-client-1.19.1.jar
7fe5622b5000-7fe5622b7000 r--s 00003000 08:04 25700894                   /home/anil/.gradle/caches/modules-2/files-2.1/com.sun.jersey.contribs/jersey-apache-client4/1.19.1/e1c45701a003097ace96bed4bc8fb937e9867498/jersey-apache-client4-1.19.1.jar
7fe5622b7000-7fe5622ba000 r--s 00012000 08:04 25700887                   /home/anil/.gradle/caches/modules-2/files-2.1/org.codehaus.jettison/jettison/1.3.7/7d36a59a0577f11b12088b9e215d6860345b9e1d/jettison-1.3.7.jar
7fe5622ba000-7fe5622ca000 r--s 00095000 08:04 25700852                   /home/anil/.gradle/caches/modules-2/files-2.1/org.springframework.boot/spring-boot/1.5.4.RELEASE/cf51bb0751c1362a417eb59824d27d2907780d2/spring-boot-1.5.4.RELEASE.jar
7fe5622ca000-7fe5622ea000 r--s 000e5000 08:04 25700853                   /home/anil/.gradle/caches/modules-2/files-2.1/org.springframework.boot/spring-boot-autoconfigure/1.5.4.RELEASE/5591fa7358d950f374532c7d92dccf113ebfa1bb/spring-boot-autoconfigure-1.5.4.RELEASE.jar
7fe5622ea000-7fe5622ef000 r--s 00017000 08:04 25700885                   /home/anil/.gradle/caches/modules-2/files-2.1/org.springframework.cloud/spring-cloud-commons/1.2.3.RELEASE/53a8650cb77bd4eaef85ba729ed9204d6c54ac9f/spring-cloud-commons-1.2.3.RELEASE.jar
7fe5622ef000-7fe562301000 r--s 000b7000 08:04 25700841                   /home/anil/.gradle/caches/modules-2/files-2.1/org.springframework/spring-web/4.3.9.RELEASE/91dae64c4280093ad5fb4736a10913c9233479c1/spring-web-4.3.9.RELEASE.jar
7fe562301000-7fe562312000 r--s 000cf000 08:04 25700842                   /home/anil/.gradle/caches/modules-2/files-2.1/org.springframework/spring-webmvc/4.3.9.RELEASE/ca80b4a00abc388d8046bf372099f35564371c47/spring-webmvc-4.3.9.RELEASE.jar
7fe562312000-7fe562324000 r--s 0011d000 08:04 25701687                   /home/anil/.gradle/caches/modules-2/files-2.1/com.fasterxml.jackson.core/jackson-databind/2.8.8/bf88c7b27e95cbadce4e7c316a56c3efffda8026/jackson-databind-2.8.8.jar
7fe562324000-7fe562334000 r--s 00078000 08:04 25700915                   /home/anil/.gradle/caches/modules-2/files-2.1/org.springframework.boot/spring-boot-actuator/1.5.4.RELEASE/6fed8833ba044e22a2924f8fe70db4f126be7489/spring-boot-actuator-1.5.4.RELEASE.jar
7fe562334000-7fe562345000 r--s 000a1000 08:04 25700840                   /home/anil/.gradle/caches/modules-2/files-2.1/org.hibernate/hibernate-validator/5.3.5.Final/622a9bcef2eed6d41b5b8e0662c36212009e375/hibernate-validator-5.3.5.Final.jar
7fe562345000-7fe562346000 ---p 00000000 00:00 0 
7fe562346000-7fe562446000 rw-p 00000000 00:00 0                          [stack:13374]
7fe562446000-7fe562449000 ---p 00000000 00:00 0 
7fe562449000-7fe562547000 rw-p 00000000 00:00 0                          [stack:13373]
7fe562547000-7fe56254a000 ---p 00000000 00:00 0 
7fe56254a000-7fe562648000 rw-p 00000000 00:00 0                          [stack:13372]
7fe562648000-7fe56264b000 ---p 00000000 00:00 0 
7fe56264b000-7fe562749000 rw-p 00000000 00:00 0                          [stack:13371]
7fe562749000-7fe56274c000 ---p 00000000 00:00 0 
7fe56274c000-7fe56284a000 rw-p 00000000 00:00 0                          [stack:13370]
7fe56284a000-7fe56284d000 ---p 00000000 00:00 0 
7fe56284d000-7fe56294b000 rw-p 00000000 00:00 0                          [stack:13369]
7fe56294b000-7fe562c14000 r--p 00000000 08:04 18625763                   /usr/lib/locale/locale-archive
7fe562c14000-7fe562c17000 ---p 00000000 00:00 0 
7fe562c17000-7fe562d15000 rw-p 00000000 00:00 0                          [stack:13368]
7fe562d15000-7fe562d18000 ---p 00000000 00:00 0 
7fe562d18000-7fe562e16000 rw-p 00000000 00:00 0                          [stack:13367]
7fe562e16000-7fe562e17000 ---p 00000000 00:00 0 
7fe562e17000-7fe563e26000 rw-p 00000000 00:00 0                          [stack:13366]
7fe563e26000-7fe564000000 r--s 03d4d000 08:04 18626422                   /usr/lib/jvm/java-8-oracle/jre/lib/rt.jar
7fe564000000-7fe564298000 rw-p 00000000 00:00 0 
7fe564298000-7fe568000000 ---p 00000000 00:00 0 
7fe568000000-7fe568001000 r--s 00001000 08:04 25700913                   /home/anil/.gradle/caches/modules-2/files-2.1/com.netflix.netflix-commons/netflix-commons-util/0.1.1/39e67061780476f207b31465baaed84a91ff659f/netflix-commons-util-0.1.1.jar
7fe568001000-7fe568002000 r--s 00004000 08:04 25700886                   /home/anil/.gradle/caches/modules-2/files-2.1/org.springframework.security/spring-security-rsa/1.0.3.RELEASE/b0b1ee770597b5de1b51e9a889dfd2dc35d251b0/spring-security-rsa-1.0.3.RELEASE.jar
7fe568002000-7fe568005000 r--s 00015000 08:04 25700884                   /home/anil/.gradle/caches/modules-2/files-2.1/org.springframework.cloud/spring-cloud-context/1.2.3.RELEASE/40e765f0303e42c5c0c9ca134e95db120da9124/spring-cloud-context-1.2.3.RELEASE.jar
7fe568005000-7fe568008000 r--s 00021000 08:04 25700957                   /home/anil/.gradle/caches/modules-2/files-2.1/com.fasterxml.jackson.module/jackson-module-afterburner/2.8.8/4cdd631e6876be5b8344ceb1649f585961901fc8/jackson-module-afterburner-2.8.8.jar
7fe568008000-7fe56800c000 r--s 0001e000 08:04 25700889                   /home/anil/.gradle/caches/modules-2/files-2.1/com.netflix.archaius/archaius-core/0.7.4/d6b5e5c541452248fd8565ccd0732623c81a30b5/archaius-core-0.7.4.jar
7fe56800c000-7fe56800e000 r--s 0000f000 08:04 25700888                   /home/anil/.gradle/caches/modules-2/files-2.1/com.netflix.netflix-commons/netflix-eventbus/0.3.0/3f864adbe81f0849729fcbba3fe693c32be739ea/netflix-eventbus-0.3.0.jar
7fe56800e000-7fe56800f000 r--s 00000000 08:04 25700839                   /home/anil/.gradle/caches/modules-2/files-2.1/org.springframework.boot/spring-boot-starter-tomcat/1.5.4.RELEASE/d7e26f1d0e594bd1aab7da227649fc12c1958416/spring-boot-starter-tomcat-1.5.4.RELEASE.jar
7fe56800f000-7fe568010000 r--s 00000000 08:04 25700790                   /home/anil/.gradle/caches/modules-2/files-2.1/org.springframework.boot/spring-boot-starter/1.5.4.RELEASE/74d5aa641503ddd12833c82cc19b295f9f40e8fa/spring-boot-starter-1.5.4.RELEASE.jar
7fe568010000-7fe568012000 r--s 00013000 08:04 25701686                   /home/anil/.gradle/caches/modules-2/files-2.1/com.netflix.zuul/zuul-core/1.3.0/3974695eb1c9845a2fc575acfdea2d8d91deba1b/zuul-core-1.3.0.jar
7fe568012000-7fe568013000 r--s 00000000 08:04 25700828                   /home/anil/.gradle/caches/modules-2/files-2.1/org.springframework.boot/spring-boot-starter-actuator/1.5.4.RELEASE/10f526d22f58a32a8c3af26ccb0a6f16f4649935/spring-boot-starter-actuator-1.5.4.RELEASE.jar
7fe568013000-7fe56802b000 r--s 000fd000 08:04 25700827                   /home/anil/.gradle/caches/modules-2/files-2.1/io.reactivex/rxjava/1.1.10/2ac360e8a47601a8dfd044e646f05b99d151f2e0/rxjava-1.1.10.jar
7fe56802b000-7fe568035000 r--s 00059000 08:04 25700910                   /home/anil/.gradle/caches/modules-2/files-2.1/io.reactivex/rxnetty/0.4.9/5aff3c9d6bb9d9066c378bb3d2a4413ed1773bcf/rxnetty-0.4.9.jar
7fe568035000-7fe568037000 r--s 00006000 08:04 25700959                   /home/anil/.gradle/caches/modules-2/files-2.1/io.reactivex/rxnetty-servo/0.4.9/b7d6d6e132686c280f16710eaa3e90719f6808f8/rxnetty-servo-0.4.9.jar
7fe568037000-7fe56803b000 r--s 00011000 08:04 25700824                   /home/anil/.gradle/caches/modules-2/files-2.1/com.netflix.ribbon/ribbon-core/2.2.2/e4e35763c347c6a3936735d687f1bd25c188634/ribbon-core-2.2.2.jar
7fe56803b000-7fe56803f000 r--s 00024000 08:04 25700826                   /home/anil/.gradle/caches/modules-2/files-2.1/com.netflix.ribbon/ribbon-loadbalancer/2.2.2/dad3e307fb759c3be36d93a1a7a2a031569d8de8/ribbon-loadbalancer-2.2.2.jar
7fe56803f000-7fe56804b000 r--s 00068000 08:04 25700818                   /home/anil/.gradle/caches/modules-2/files-2.1/com.netflix.hystrix/hystrix-core/1.5.12/75379b6671fcaa9cec33035df684a68ec7741ca6/hystrix-core-1.5.12.jar
7fe56804b000-7fe568059000 r--s 00079000 08:04 25700813                   /home/anil/.gradle/caches/modules-2/files-2.1/com.thoughtworks.xstream/xstream/1.4.9/c43f6e6bfa79b56e04a8898a923c3cf7144dd460/xstream-1.4.9.jar
7fe568059000-7fe568eff000 rw-p 00000000 00:00 0 
7fe568eff000-7fe568f00000 ---p 00000000 00:00 0 
7fe568f00000-7fe569000000 rw-p 00000000 00:00 0                          [stack:13365]
7fe569000000-7fe56aad0000 rwxp 00000000 00:00 0 
7fe56aad0000-7fe578000000 ---p 00000000 00:00 0 
7fe578000000-7fe5792fb000 rw-p 00000000 00:00 0 
7fe5792fb000-7fe57c000000 ---p 00000000 00:00 0 
7fe57c000000-7fe57c003000 r--s 0000b000 08:04 25700958                   /home/anil/.gradle/caches/modules-2/files-2.1/io.reactivex/rxnetty-contexts/0.4.9/6efe17a25602a5424c18ab975aa9c28b6d6b7f56/rxnetty-contexts-0.4.9.jar
7fe57c003000-7fe57c004000 r--s 00009000 08:04 25700908                   /home/anil/.gradle/caches/modules-2/files-2.1/com.netflix.ribbon/ribbon-transport/2.2.2/de836ea86da897f3ecf5ac9d2cc790ea2293f017/ribbon-transport-2.2.2.jar
7fe57c004000-7fe57c006000 r--s 0000c000 08:04 25700825                   /home/anil/.gradle/caches/modules-2/files-2.1/com.netflix.ribbon/ribbon-httpclient/2.2.2/88c3f39aa09591964923d60f92c13d3a91125d81/ribbon-httpclient-2.2.2.jar
7fe57c006000-7fe57c008000 r--s 00007000 08:04 25700901                   /home/anil/.gradle/caches/modules-2/files-2.1/com.netflix.hystrix/hystrix-serialization/1.5.12/ef4a2758e5bc6cf42ae848d4ba3d5363e0a2b27/hystrix-serialization-1.5.12.jar
7fe57c008000-7fe57c09f000 rw-p 00000000 00:00 0 
7fe57c09f000-7fe57c0a0000 ---p 00000000 00:00 0 
7fe57c0a0000-7fe57c1a0000 rw-p 00000000 00:00 0                          [stack:13364]
7fe57c1a0000-7fe57c1a1000 ---p 00000000 00:00 0 
7fe57c1a1000-7fe57c2a1000 rw-p 00000000 00:00 0                          [stack:13363]
7fe57c2a1000-7fe57c2a2000 ---p 00000000 00:00 0 
7fe57c2a2000-7fe57c3e4000 rw-p 00000000 00:00 0                          [stack:13362]
7fe57c3e4000-7fe57c784000 ---p 00000000 00:00 0 
7fe57c784000-7fe57c7c6000 rw-p 00000000 00:00 0 
7fe57c7c6000-7fe57cb66000 ---p 00000000 00:00 0 
7fe57cb66000-7fe57cc3d000 rw-p 00000000 00:00 0 
7fe57cc3d000-7fe57cd57000 ---p 00000000 00:00 0 
7fe57cd57000-7fe57cdc4000 rw-p 00000000 00:00 0 
7fe57cdc4000-7fe57d118000 ---p 00000000 00:00 0 
7fe57d118000-7fe57d132000 r-xp 00000000 08:04 18624991                   /usr/lib/jvm/java-8-oracle/jre/lib/amd64/libzip.so
7fe57d132000-7fe57d332000 ---p 0001a000 08:04 18624991                   /usr/lib/jvm/java-8-oracle/jre/lib/amd64/libzip.so
7fe57d332000-7fe57d333000 rw-p 0001a000 08:04 18624991                   /usr/lib/jvm/java-8-oracle/jre/lib/amd64/libzip.so
7fe57d333000-7fe57d33d000 r-xp 00000000 08:04 20715334                   /lib/x86_64-linux-gnu/libnss_files-2.19.so
7fe57d33d000-7fe57d53c000 ---p 0000a000 08:04 20715334                   /lib/x86_64-linux-gnu/libnss_files-2.19.so
7fe57d53c000-7fe57d53d000 r--p 00009000 08:04 20715334                   /lib/x86_64-linux-gnu/libnss_files-2.19.so
7fe57d53d000-7fe57d53e000 rw-p 0000a000 08:04 20715334                   /lib/x86_64-linux-gnu/libnss_files-2.19.so
7fe57d53e000-7fe57d549000 r-xp 00000000 08:04 20715349                   /lib/x86_64-linux-gnu/libnss_nis-2.19.so
7fe57d549000-7fe57d748000 ---p 0000b000 08:04 20715349                   /lib/x86_64-linux-gnu/libnss_nis-2.19.so
7fe57d748000-7fe57d749000 r--p 0000a000 08:04 20715349                   /lib/x86_64-linux-gnu/libnss_nis-2.19.so
7fe57d749000-7fe57d74a000 rw-p 0000b000 08:04 20715349                   /lib/x86_64-linux-gnu/libnss_nis-2.19.so
7fe57d74a000-7fe57d761000 r-xp 00000000 08:04 20715330                   /lib/x86_64-linux-gnu/libnsl-2.19.so
7fe57d761000-7fe57d960000 ---p 00017000 08:04 20715330                   /lib/x86_64-linux-gnu/libnsl-2.19.so
7fe57d960000-7fe57d961000 r--p 00016000 08:04 20715330                   /lib/x86_64-linux-gnu/libnsl-2.19.so
7fe57d961000-7fe57d962000 rw-p 00017000 08:04 20715330                   /lib/x86_64-linux-gnu/libnsl-2.19.so
7fe57d962000-7fe57d964000 rw-p 00000000 00:00 0 
7fe57d964000-7fe57d96d000 r-xp 00000000 08:04 20715347                   /lib/x86_64-linux-gnu/libnss_compat-2.19.so
7fe57d96d000-7fe57db6c000 ---p 00009000 08:04 20715347                   /lib/x86_64-linux-gnu/libnss_compat-2.19.so
7fe57db6c000-7fe57db6d000 r--p 00008000 08:04 20715347                   /lib/x86_64-linux-gnu/libnss_compat-2.19.so
7fe57db6d000-7fe57db6e000 rw-p 00009000 08:04 20715347                   /lib/x86_64-linux-gnu/libnss_compat-2.19.so
7fe57db6e000-7fe57db99000 r-xp 00000000 08:04 18619216                   /usr/lib/jvm/java-8-oracle/jre/lib/amd64/libjava.so
7fe57db99000-7fe57dd98000 ---p 0002b000 08:04 18619216                   /usr/lib/jvm/java-8-oracle/jre/lib/amd64/libjava.so
7fe57dd98000-7fe57dd9a000 rw-p 0002a000 08:04 18619216                   /usr/lib/jvm/java-8-oracle/jre/lib/amd64/libjava.so
7fe57dd9a000-7fe57dda7000 r-xp 00000000 08:04 18619214                   /usr/lib/jvm/java-8-oracle/jre/lib/amd64/libverify.so
7fe57dda7000-7fe57dfa7000 ---p 0000d000 08:04 18619214                   /usr/lib/jvm/java-8-oracle/jre/lib/amd64/libverify.so
7fe57dfa7000-7fe57dfa9000 rw-p 0000d000 08:04 18619214                   /usr/lib/jvm/java-8-oracle/jre/lib/amd64/libverify.so
7fe57dfa9000-7fe57dfb0000 r-xp 00000000 08:04 20715342                   /lib/x86_64-linux-gnu/librt-2.19.so
7fe57dfb0000-7fe57e1af000 ---p 00007000 08:04 20715342                   /lib/x86_64-linux-gnu/librt-2.19.so
7fe57e1af000-7fe57e1b0000 r--p 00006000 08:04 20715342                   /lib/x86_64-linux-gnu/librt-2.19.so
7fe57e1b0000-7fe57e1b1000 rw-p 00007000 08:04 20715342                   /lib/x86_64-linux-gnu/librt-2.19.so
7fe57e1b1000-7fe57e2b6000 r-xp 00000000 08:04 20715336                   /lib/x86_64-linux-gnu/libm-2.19.so
7fe57e2b6000-7fe57e4b5000 ---p 00105000 08:04 20715336                   /lib/x86_64-linux-gnu/libm-2.19.so
7fe57e4b5000-7fe57e4b6000 r--p 00104000 08:04 20715336                   /lib/x86_64-linux-gnu/libm-2.19.so
7fe57e4b6000-7fe57e4b7000 rw-p 00105000 08:04 20715336                   /lib/x86_64-linux-gnu/libm-2.19.so
7fe57e4b7000-7fe57f18a000 r-xp 00000000 08:04 18624876                   /usr/lib/jvm/java-8-oracle/jre/lib/amd64/server/libjvm.so
7fe57f18a000-7fe57f389000 ---p 00cd3000 08:04 18624876                   /usr/lib/jvm/java-8-oracle/jre/lib/amd64/server/libjvm.so
7fe57f389000-7fe57f463000 rw-p 00cd2000 08:04 18624876                   /usr/lib/jvm/java-8-oracle/jre/lib/amd64/server/libjvm.so
7fe57f463000-7fe57f4ae000 rw-p 00000000 00:00 0 
7fe57f4ae000-7fe57f66c000 r-xp 00000000 08:04 20715337                   /lib/x86_64-linux-gnu/libc-2.19.so
7fe57f66c000-7fe57f86c000 ---p 001be000 08:04 20715337                   /lib/x86_64-linux-gnu/libc-2.19.so
7fe57f86c000-7fe57f870000 r--p 001be000 08:04 20715337                   /lib/x86_64-linux-gnu/libc-2.19.so
7fe57f870000-7fe57f872000 rw-p 001c2000 08:04 20715337                   /lib/x86_64-linux-gnu/libc-2.19.so
7fe57f872000-7fe57f877000 rw-p 00000000 00:00 0 
7fe57f877000-7fe57f87a000 r-xp 00000000 08:04 20715341                   /lib/x86_64-linux-gnu/libdl-2.19.so
7fe57f87a000-7fe57fa79000 ---p 00003000 08:04 20715341                   /lib/x86_64-linux-gnu/libdl-2.19.so
7fe57fa79000-7fe57fa7a000 r--p 00002000 08:04 20715341                   /lib/x86_64-linux-gnu/libdl-2.19.so
7fe57fa7a000-7fe57fa7b000 rw-p 00003000 08:04 20715341                   /lib/x86_64-linux-gnu/libdl-2.19.so
7fe57fa7b000-7fe57fa90000 r-xp 00000000 08:04 18747328                   /usr/lib/jvm/java-8-oracle/lib/amd64/jli/libjli.so
7fe57fa90000-7fe57fc90000 ---p 00015000 08:04 18747328                   /usr/lib/jvm/java-8-oracle/lib/amd64/jli/libjli.so
7fe57fc90000-7fe57fc91000 rw-p 00015000 08:04 18747328                   /usr/lib/jvm/java-8-oracle/lib/amd64/jli/libjli.so
7fe57fc91000-7fe57fcaa000 r-xp 00000000 08:04 20715338                   /lib/x86_64-linux-gnu/libpthread-2.19.so
7fe57fcaa000-7fe57fea9000 ---p 00019000 08:04 20715338                   /lib/x86_64-linux-gnu/libpthread-2.19.so
7fe57fea9000-7fe57feaa000 r--p 00018000 08:04 20715338                   /lib/x86_64-linux-gnu/libpthread-2.19.so
7fe57feaa000-7fe57feab000 rw-p 00019000 08:04 20715338                   /lib/x86_64-linux-gnu/libpthread-2.19.so
7fe57feab000-7fe57feaf000 rw-p 00000000 00:00 0 
7fe57feaf000-7fe57fed2000 r-xp 00000000 08:04 20715345                   /lib/x86_64-linux-gnu/ld-2.19.so
7fe57fed2000-7fe57fed6000 r--s 00012000 08:04 25700823                   /home/anil/.gradle/caches/modules-2/files-2.1/com.netflix.ribbon/ribbon/2.2.2/8375769b9a922dc5339eba8536fcd3b204604ec4/ribbon-2.2.2.jar
7fe57fed6000-7fe57fedc000 r--s 00026000 08:04 25700820                   /home/anil/.gradle/caches/modules-2/files-2.1/com.netflix.hystrix/hystrix-javanica/1.5.12/5e4d888e0dba811e8ac3a9dbc8cbcc511734ace4/hystrix-javanica-1.5.12.jar
7fe57fedc000-7fe57fee5000 r--s 0005b000 08:04 25700808                   /home/anil/.gradle/caches/modules-2/files-2.1/com.netflix.eureka/eureka-client/1.6.2/632cc9b08ccda671780f095ec70a739508c90375/eureka-client-1.6.2.jar
7fe57fee5000-7fe57feef000 r--s 00055000 08:04 25700803                   /home/anil/.gradle/caches/modules-2/files-2.1/org.springframework.cloud/spring-cloud-netflix-core/1.3.2.RELEASE/fa20c35f93ba6da236fede581177fb47c4ca532d/spring-cloud-netflix-core-1.3.2.RELEASE.jar
7fe57feef000-7fe57ffad000 rw-p 00000000 00:00 0 
7fe57ffad000-7fe57ffb0000 ---p 00000000 00:00 0 
7fe57ffb0000-7fe5800b2000 rw-p 00000000 00:00 0                          [stack:13360]
7fe5800b2000-7fe5800b4000 r--s 0000c000 08:04 25700819                   /home/anil/.gradle/caches/modules-2/files-2.1/com.netflix.hystrix/hystrix-metrics-event-stream/1.5.12/3b3beae83ab5e8c10154c9e9581d7c210276e227/hystrix-metrics-event-stream-1.5.12.jar
7fe5800b4000-7fe5800b6000 r--s 00003000 08:04 25700812                   /home/anil/.gradle/caches/modules-2/files-2.1/com.netflix.ribbon/ribbon-eureka/2.2.2/3698abea929c7e869587b1c3557148a2958f24c3/ribbon-eureka-2.2.2.jar
7fe5800b6000-7fe5800bb000 r--s 00039000 08:04 25700810                   /home/anil/.gradle/caches/modules-2/files-2.1/com.netflix.eureka/eureka-core/1.6.2/8a8a7dbd1bc4f119f50f11d59b95383b5db6a587/eureka-core-1.6.2.jar
7fe5800bb000-7fe5800be000 r--s 00011000 08:04 25700805                   /home/anil/.gradle/caches/modules-2/files-2.1/org.springframework.cloud/spring-cloud-netflix-eureka-client/1.3.2.RELEASE/93a53caf155ba21c14897f1ef5614dbe6572fdd5/spring-cloud-netflix-eureka-client-1.3.2.RELEASE.jar
7fe5800be000-7fe5800bf000 r--s 00000000 08:04 25700801                   /home/anil/.gradle/caches/modules-2/files-2.1/org.springframework.cloud/spring-cloud-starter/1.2.3.RELEASE/5507ba509c1b401ac827da58eeff45edb8a596fc/spring-cloud-starter-1.2.3.RELEASE.jar
7fe5800bf000-7fe5800c0000 r--s 00000000 08:04 25700811                   /home/anil/.gradle/caches/modules-2/files-2.1/org.springframework.cloud/spring-cloud-starter-archaius/1.3.2.RELEASE/4a1d788816bc0efe347548a2789504ed9661f742/spring-cloud-starter-archaius-1.3.2.RELEASE.jar
7fe5800c0000-7fe5800c1000 r--s 00000000 08:04 25700751                   /home/anil/.gradle/caches/modules-2/files-2.1/org.springframework.boot/spring-boot-starter-web/1.5.4.RELEASE/5d6c554f34b20dffcbdfc7edf9b80956e2dace/spring-boot-starter-web-1.5.4.RELEASE.jar
7fe5800c1000-7fe5800c2000 r--s 00000000 08:04 25700729                   /home/anil/.gradle/caches/modules-2/files-2.1/org.springframework.cloud/spring-cloud-starter-ribbon/1.3.2.RELEASE/d9e8288d0faa963fc17b4006465a97d81b232077/spring-cloud-starter-ribbon-1.3.2.RELEASE.jar
7fe5800c2000-7fe5800c3000 r--s 00000000 08:04 25700727                   /home/anil/.gradle/caches/modules-2/files-2.1/org.springframework.cloud/spring-cloud-starter-hystrix/1.3.2.RELEASE/3e163757ca3abd7412c91a648f946ab71a8a3a33/spring-cloud-starter-hystrix-1.3.2.RELEASE.jar
7fe5800c3000-7fe5800c4000 r--s 00000000 08:04 25701678                   /home/anil/.gradle/caches/modules-2/files-2.1/org.springframework.cloud/spring-cloud-starter-zuul/1.3.2.RELEASE/a554de6cca1e4b85ed69d5561822d89fc50962ed/spring-cloud-starter-zuul-1.3.2.RELEASE.jar
7fe5800c4000-7fe5800c5000 r--s 00000000 08:04 25700726                   /home/anil/.gradle/caches/modules-2/files-2.1/org.springframework.cloud/spring-cloud-starter-eureka/1.3.2.RELEASE/2b035636980bffdafa3e20f957460ce714519dc0/spring-cloud-starter-eureka-1.3.2.RELEASE.jar
7fe5800c5000-7fe5800cd000 rw-s 00000000 08:04 25702318                   /tmp/hsperfdata_anil/13355
7fe5800cd000-7fe5800ce000 rw-p 00000000 00:00 0 
7fe5800ce000-7fe5800cf000 ---p 00000000 00:00 0 
7fe5800cf000-7fe5800d1000 rw-p 00000000 00:00 0 
7fe5800d1000-7fe5800d2000 r--p 00022000 08:04 20715345                   /lib/x86_64-linux-gnu/ld-2.19.so
7fe5800d2000-7fe5800d3000 rw-p 00023000 08:04 20715345                   /lib/x86_64-linux-gnu/ld-2.19.so
7fe5800d3000-7fe5800d4000 rw-p 00000000 00:00 0 
7fff857e4000-7fff8580a000 rw-p 00000000 00:00 0                          [stack]
7fff85851000-7fff85853000 r-xp 00000000 00:00 0                          [vdso]
ffffffffff600000-ffffffffff601000 r-xp 00000000 00:00 0                  [vsyscall]

VM Arguments:
jvm_args: -Dfile.encoding=UTF-8 -Duser.country=IN -Duser.language=en -Duser.variant 
java_command: com.kairos.KairosGatewayApplication
java_class_path (initial): /home/anil/Documents/anilmicroservice/kairos-gateway/build/classes/java/main:/home/anil/Documents/anilmicroservice/kairos-gateway/build/resources/main:/home/anil/.gradle/caches/modules-2/files-2.1/org.springframework.cloud/spring-cloud-starter-eureka/1.3.2.RELEASE/2b035636980bffdafa3e20f957460ce714519dc0/spring-cloud-starter-eureka-1.3.2.RELEASE.jar:/home/anil/.gradle/caches/modules-2/files-2.1/org.springframework.cloud/spring-cloud-starter-zuul/1.3.2.RELEASE/a554de6cca1e4b85ed69d5561822d89fc50962ed/spring-cloud-starter-zuul-1.3.2.RELEASE.jar:/home/anil/.gradle/caches/modules-2/files-2.1/org.springframework.cloud/spring-cloud-starter-hystrix/1.3.2.RELEASE/3e163757ca3abd7412c91a648f946ab71a8a3a33/spring-cloud-starter-hystrix-1.3.2.RELEASE.jar:/home/anil/.gradle/caches/modules-2/files-2.1/org.springframework.cloud/spring-cloud-starter-ribbon/1.3.2.RELEASE/d9e8288d0faa963fc17b4006465a97d81b232077/spring-cloud-starter-ribbon-1.3.2.RELEASE.jar:/home/anil/.gradle/caches/modules-2/files-2.1/org.springframework.boot/spring-boot-starter-web/1.5.4.RELEASE/5d6c554f34b20dffcbdfc7edf9b80956e2dace/spring-boot-starter-web-1.5.4.RELEASE.jar:/home/anil/.gradle/caches/modules-2/files-2.1/org.springframework.cloud/spring-cloud-starter-archaius/1.3.2.RELEASE/4a1d788816bc0efe347548a2789504ed9661f742/spring-cloud-starter-archaius-1.3.2.RELEASE.jar:/home/anil/.gradle/caches/modules-2/files-2.1/org.springframework.cloud/spring-cloud-starter/1.2.3.RELEASE/5507ba509c1b401ac827da58eeff45edb8a596fc/spring-cloud-starter-1.2.3.RELEASE.jar:/home/anil/.gradle/caches/modules-2/files-2.1/org.springframework.cloud/spring-cloud-netflix-eureka-client/1.3.2.RELEASE/93a53caf155ba21c14897f1ef5614dbe6572fdd5/spring-cloud-netflix-eureka-client-1.3.2.RELEASE.jar:/home/anil/.gradle/caches/modules-2/files-2.1/org.springframework.cloud/spring-cloud-netflix-core/1.3.2.RELEASE/fa20c35f93ba6da236fede581177fb47c4ca532d/spring-cloud-netflix-core-1.3.2.RELEASE.jar:/home/anil/.gradle/cache
Launcher Type: SUN_STANDARD

Environment Variables:
JAVA_HOME=/usr/lib/jvm/java-8-oracle
PATH=/usr/lib/jvm/java-7-oracle/bin:/usr/local/sbin:/usr/local/bin:/usr/sbin:/usr/bin:/sbin:/bin:/usr/games:/usr/local/games:/usr/lib/jvm/java-8-oracle/bin:/usr/lib/jvm/java-8-oracle/db/bin:/usr/lib/jvm/java-8-oracle/jre/bin:/usr/lib/jvm/java-8-oracle
SHELL=/bin/bash
DISPLAY=:1

Signal Handlers:
SIGSEGV: [libjvm.so+0xacba10], sa_mask[0]=11111111011111111101111111111110, sa_flags=SA_RESTART|SA_SIGINFO
SIGBUS: [libjvm.so+0xacba10], sa_mask[0]=11111111011111111101111111111110, sa_flags=SA_RESTART|SA_SIGINFO
SIGFPE: [libjvm.so+0x924ba0], sa_mask[0]=11111111011111111101111111111110, sa_flags=SA_RESTART|SA_SIGINFO
SIGPIPE: [libjvm.so+0x924ba0], sa_mask[0]=11111111011111111101111111111110, sa_flags=SA_RESTART|SA_SIGINFO
SIGXFSZ: [libjvm.so+0x924ba0], sa_mask[0]=11111111011111111101111111111110, sa_flags=SA_RESTART|SA_SIGINFO
SIGILL: [libjvm.so+0x924ba0], sa_mask[0]=11111111011111111101111111111110, sa_flags=SA_RESTART|SA_SIGINFO
SIGUSR1: SIG_DFL, sa_mask[0]=00000000000000000000000000000000, sa_flags=none
SIGUSR2: [libjvm.so+0x9263e0], sa_mask[0]=00100000000000000000000000000000, sa_flags=SA_RESTART|SA_SIGINFO
SIGHUP: [libjvm.so+0x9277e0], sa_mask[0]=11111111011111111101111111111110, sa_flags=SA_RESTART|SA_SIGINFO
SIGINT: [libjvm.so+0x9277e0], sa_mask[0]=11111111011111111101111111111110, sa_flags=SA_RESTART|SA_SIGINFO
SIGTERM: [libjvm.so+0x9277e0], sa_mask[0]=11111111011111111101111111111110, sa_flags=SA_RESTART|SA_SIGINFO
SIGQUIT: [libjvm.so+0x9277e0], sa_mask[0]=11111111011111111101111111111110, sa_flags=SA_RESTART|SA_SIGINFO


---------------  S Y S T E M  ---------------

OS:DISTRIB_ID=Ubuntu
DISTRIB_RELEASE=14.04
DISTRIB_CODENAME=trusty
DISTRIB_DESCRIPTION="Ubuntu 14.04.5 LTS"

uname:Linux 3.13.0-128-generic #177-Ubuntu SMP Tue Aug 8 11:40:23 UTC 2017 x86_64
libc:glibc 2.19 NPTL 2.19 
rlimit: STACK 8192k, CORE 0k, NPROC 92695, NOFILE 4096, AS infinity
load average:0.23 0.43 0.62

/proc/meminfo:
MemTotal:       12208712 kB
MemFree:         2469984 kB
Buffers:           64616 kB
Cached:          1666840 kB
SwapCached:        15760 kB
Active:          7659752 kB
Inactive:        1660804 kB
Active(anon):    6984852 kB
Inactive(anon):   916344 kB
Active(file):     674900 kB
Inactive(file):   744460 kB
Unevictable:         724 kB
Mlocked:             724 kB
SwapTotal:       8193020 kB
SwapFree:        8158280 kB
Dirty:               304 kB
Writeback:             0 kB
AnonPages:       7575560 kB
Mapped:           313636 kB
Shmem:            311992 kB
Slab:             229000 kB
SReclaimable:     176276 kB
SUnreclaim:        52724 kB
KernelStack:        8544 kB
PageTables:        50868 kB
NFS_Unstable:          0 kB
Bounce:                0 kB
WritebackTmp:          0 kB
CommitLimit:    14297376 kB
Committed_AS:   13482300 kB
VmallocTotal:   34359738367 kB
VmallocUsed:      377480 kB
VmallocChunk:   34359338620 kB
HardwareCorrupted:     0 kB
AnonHugePages:   5115904 kB
HugePages_Total:       0
HugePages_Free:        0
HugePages_Rsvd:        0
HugePages_Surp:        0
Hugepagesize:       2048 kB
DirectMap4k:      163264 kB
DirectMap2M:     9177088 kB
DirectMap1G:     3145728 kB


CPU:total 4 (initial active 4) (2 cores per cpu, 2 threads per core) family 6 model 61 stepping 4, cmov, cx8, fxsr, mmx, sse, sse2, sse3, ssse3, sse4.1, sse4.2, popcnt, avx, avx2, aes, clmul, erms, 3dnowpref, lzcnt, ht, tsc, tscinvbit, bmi1, bmi2, adx

/proc/cpuinfo:
processor	: 0
vendor_id	: GenuineIntel
cpu family	: 6
model		: 61
model name	: Intel(R) Core(TM) i3-5005U CPU @ 2.00GHz
stepping	: 4
microcode	: 0x22
cpu MHz		: 2000.000
cache size	: 3072 KB
physical id	: 0
siblings	: 4
core id		: 0
cpu cores	: 2
apicid		: 0
initial apicid	: 0
fpu		: yes
fpu_exception	: yes
cpuid level	: 20
wp		: yes
flags		: fpu vme de pse tsc msr pae mce cx8 apic sep mtrr pge mca cmov pat pse36 clflush dts acpi mmx fxsr sse sse2 ss ht tm pbe syscall nx pdpe1gb rdtscp lm constant_tsc arch_perfmon pebs bts rep_good nopl xtopology nonstop_tsc aperfmperf eagerfpu pni pclmulqdq dtes64 monitor ds_cpl vmx est tm2 ssse3 fma cx16 xtpr pdcm pcid sse4_1 sse4_2 x2apic movbe popcnt tsc_deadline_timer aes xsave avx f16c rdrand lahf_lm abm 3dnowprefetch arat epb xsaveopt pln pts dtherm tpr_shadow vnmi flexpriority ept vpid fsgsbase tsc_adjust bmi1 avx2 smep bmi2 erms invpcid rdseed adx smap
bogomips	: 3990.52
clflush size	: 64
cache_alignment	: 64
address sizes	: 39 bits physical, 48 bits virtual
power management:

processor	: 1
vendor_id	: GenuineIntel
cpu family	: 6
model		: 61
model name	: Intel(R) Core(TM) i3-5005U CPU @ 2.00GHz
stepping	: 4
microcode	: 0x22
cpu MHz		: 2000.000
cache size	: 3072 KB
physical id	: 0
siblings	: 4
core id		: 1
cpu cores	: 2
apicid		: 2
initial apicid	: 2
fpu		: yes
fpu_exception	: yes
cpuid level	: 20
wp		: yes
flags		: fpu vme de pse tsc msr pae mce cx8 apic sep mtrr pge mca cmov pat pse36 clflush dts acpi mmx fxsr sse sse2 ss ht tm pbe syscall nx pdpe1gb rdtscp lm constant_tsc arch_perfmon pebs bts rep_good nopl xtopology nonstop_tsc aperfmperf eagerfpu pni pclmulqdq dtes64 monitor ds_cpl vmx est tm2 ssse3 fma cx16 xtpr pdcm pcid sse4_1 sse4_2 x2apic movbe popcnt tsc_deadline_timer aes xsave avx f16c rdrand lahf_lm abm 3dnowprefetch arat epb xsaveopt pln pts dtherm tpr_shadow vnmi flexpriority ept vpid fsgsbase tsc_adjust bmi1 avx2 smep bmi2 erms invpcid rdseed adx smap
bogomips	: 3990.52
clflush size	: 64
cache_alignment	: 64
address sizes	: 39 bits physical, 48 bits virtual
power management:

processor	: 2
vendor_id	: GenuineIntel
cpu family	: 6
model		: 61
model name	: Intel(R) Core(TM) i3-5005U CPU @ 2.00GHz
stepping	: 4
microcode	: 0x22
cpu MHz		: 2000.000
cache size	: 3072 KB
physical id	: 0
siblings	: 4
core id		: 0
cpu cores	: 2
apicid		: 1
initial apicid	: 1
fpu		: yes
fpu_exception	: yes
cpuid level	: 20
wp		: yes
flags		: fpu vme de pse tsc msr pae mce cx8 apic sep mtrr pge mca cmov pat pse36 clflush dts acpi mmx fxsr sse sse2 ss ht tm pbe syscall nx pdpe1gb rdtscp lm constant_tsc arch_perfmon pebs bts rep_good nopl xtopology nonstop_tsc aperfmperf eagerfpu pni pclmulqdq dtes64 monitor ds_cpl vmx est tm2 ssse3 fma cx16 xtpr pdcm pcid sse4_1 sse4_2 x2apic movbe popcnt tsc_deadline_timer aes xsave avx f16c rdrand lahf_lm abm 3dnowprefetch arat epb xsaveopt pln pts dtherm tpr_shadow vnmi flexpriority ept vpid fsgsbase tsc_adjust bmi1 avx2 smep bmi2 erms invpcid rdseed adx smap
bogomips	: 3990.52
clflush size	: 64
cache_alignment	: 64
address sizes	: 39 bits physical, 48 bits virtual
power management:

processor	: 3
vendor_id	: GenuineIntel
cpu family	: 6
model		: 61
model name	: Intel(R) Core(TM) i3-5005U CPU @ 2.00GHz
stepping	: 4
microcode	: 0x22
cpu MHz		: 500.000
cache size	: 3072 KB
physical id	: 0
siblings	: 4
core id		: 1
cpu cores	: 2
apicid		: 3
initial apicid	: 3
fpu		: yes
fpu_exception	: yes
cpuid level	: 20
wp		: yes
flags		: fpu vme de pse tsc msr pae mce cx8 apic sep mtrr pge mca cmov pat pse36 clflush dts acpi mmx fxsr sse sse2 ss ht tm pbe syscall nx pdpe1gb rdtscp lm constant_tsc arch_perfmon pebs bts rep_good nopl xtopology nonstop_tsc aperfmperf eagerfpu pni pclmulqdq dtes64 monitor ds_cpl vmx est tm2 ssse3 fma cx16 xtpr pdcm pcid sse4_1 sse4_2 x2apic movbe popcnt tsc_deadline_timer aes xsave avx f16c rdrand lahf_lm abm 3dnowprefetch arat epb xsaveopt pln pts dtherm tpr_shadow vnmi flexpriority ept vpid fsgsbase tsc_adjust bmi1 avx2 smep bmi2 erms invpcid rdseed adx smap
bogomips	: 3990.52
clflush size	: 64
cache_alignment	: 64
address sizes	: 39 bits physical, 48 bits virtual
power management:



Memory: 4k page, physical 12208712k(2469984k free), swap 8193020k(8158280k free)

vm_info: Java HotSpot(TM) 64-Bit Server VM (25.144-b01) for linux-amd64 JRE (1.8.0_144-b01), built on Jul 21 2017 21:57:33 by "java_re" with gcc 4.3.0 20080428 (Red Hat 4.3.0-8)

time: Wed Aug 16 21:03:30 2017
elapsed time: 12869 seconds (0d 3h 34m 29s)

